\BOOKMARK [0][-]{chapter.1}{\376\377\000I\000n\000t\000r\000o\000d\000u\000c\000t\000i\000o\000n}{}% 1
\BOOKMARK [0][-]{chapter.2}{\376\377\000E\000x\000a\000c\000t\000\040\000o\000p\000t\000i\000m\000i\000z\000a\000t\000i\000o\000n\000\040\000f\000o\000r\000\040\000c\000o\000s\000t\000\040\000f\000u\000n\000c\000t\000i\000o\000n\000\040\000n\000e\000t\000w\000o\000r\000k\000s\000\040\000a\000n\000d\000\040\000a\000d\000d\000i\000t\000i\000v\000e\000\040\000g\000r\000a\000p\000h\000i\000c\000a\000l\000\040\000m\000o\000d\000e\000l\000s}{}% 2
\BOOKMARK [1][-]{section.2.1}{\376\377\000W\000h\000a\000t\000\040\000i\000s\000\040\000t\000o\000u\000l\000b\000a\000r\0002\000?}{chapter.2}% 3
\BOOKMARK [1][-]{section.2.2}{\376\377\000I\000n\000s\000t\000a\000l\000l\000a\000t\000i\000o\000n\000\040\000f\000r\000o\000m\000\040\000b\000i\000n\000a\000r\000i\000e\000s}{chapter.2}% 4
\BOOKMARK [1][-]{section.2.3}{\376\377\000P\000y\000t\000h\000o\000n\000\040\000i\000n\000t\000e\000r\000f\000a\000c\000e}{chapter.2}% 5
\BOOKMARK [1][-]{section.2.4}{\376\377\000D\000o\000w\000n\000l\000o\000a\000d}{chapter.2}% 6
\BOOKMARK [1][-]{section.2.5}{\376\377\000I\000n\000s\000t\000a\000l\000l\000a\000t\000i\000o\000n\000\040\000f\000r\000o\000m\000\040\000s\000o\000u\000r\000c\000e\000s}{chapter.2}% 7
\BOOKMARK [1][-]{section.2.6}{\376\377\000C\000o\000n\000v\000e\000x\000\040\000C\000o\000m\000b\000i\000n\000a\000t\000i\000o\000n\000\040\000o\000f\000\040\000m\000u\000l\000t\000i\000p\000l\000e\000\040\000C\000r\000i\000t\000e\000r\000i\000a\000\040\000b\000r\000a\000n\000c\000h}{chapter.2}% 8
\BOOKMARK [2][-]{subsection.2.6.1}{\376\377\000c\000h\000a\000n\000g\000e\000s\000\040\000r\000e\000g\000a\000r\000d\000i\000n\000g\000\040\000t\000h\000e\000\040\000m\000a\000s\000t\000e\000r\000\040\000t\000o\000u\000l\000b\000a\000r\0002\000\040\000c\000+\000+\000/\000p\000y\000t\000h\000o\000n\000\040\000A\000P\000I}{section.2.6}% 9
\BOOKMARK [0][-]{chapter.3}{\376\377\000M\000o\000d\000u\000l\000e\000s}{}% 10
\BOOKMARK [1][-]{section.3.1}{\376\377\000V\000a\000r\000i\000a\000b\000l\000e\000\040\000a\000n\000d\000\040\000c\000o\000s\000t\000\040\000f\000u\000n\000c\000t\000i\000o\000n\000\040\000m\000o\000d\000e\000l\000i\000n\000g}{chapter.3}% 11
\BOOKMARK [1][-]{section.3.2}{\376\377\000S\000o\000l\000v\000i\000n\000g\000\040\000c\000o\000s\000t\000\040\000f\000u\000n\000c\000t\000i\000o\000n\000\040\000n\000e\000t\000w\000o\000r\000k\000s}{chapter.3}% 12
\BOOKMARK [1][-]{section.3.3}{\376\377\000O\000u\000t\000p\000u\000t\000\040\000m\000e\000s\000s\000a\000g\000e\000s\000,\000\040\000v\000e\000r\000b\000o\000s\000i\000t\000y\000\040\000o\000p\000t\000i\000o\000n\000s\000\040\000a\000n\000d\000\040\000d\000e\000b\000u\000g\000g\000i\000n\000g}{chapter.3}% 13
\BOOKMARK [1][-]{section.3.4}{\376\377\000P\000r\000e\000p\000r\000o\000c\000e\000s\000s\000i\000n\000g\000\040\000t\000e\000c\000h\000n\000i\000q\000u\000e\000s}{chapter.3}% 14
\BOOKMARK [1][-]{section.3.5}{\376\377\000V\000a\000r\000i\000a\000b\000l\000e\000\040\000a\000n\000d\000\040\000v\000a\000l\000u\000e\000\040\000s\000e\000a\000r\000c\000h\000\040\000o\000r\000d\000e\000r\000i\000n\000g\000\040\000h\000e\000u\000r\000i\000s\000t\000i\000c\000s}{chapter.3}% 15
\BOOKMARK [1][-]{section.3.6}{\376\377\000S\000o\000f\000t\000\040\000a\000r\000c\000\040\000c\000o\000n\000s\000i\000s\000t\000e\000n\000c\000y\000\040\000a\000n\000d\000\040\000p\000r\000o\000b\000l\000e\000m\000\040\000r\000e\000f\000o\000r\000m\000u\000l\000a\000t\000i\000o\000n}{chapter.3}% 16
\BOOKMARK [1][-]{section.3.7}{\376\377\000V\000i\000r\000t\000u\000a\000l\000\040\000A\000r\000c\000\040\000C\000o\000n\000s\000i\000s\000t\000e\000n\000c\000y\000\040\000e\000n\000f\000o\000r\000c\000i\000n\000g}{chapter.3}% 17
\BOOKMARK [1][-]{section.3.8}{\376\377\000N\000C\000\040\000b\000u\000c\000k\000e\000t\000\040\000s\000o\000r\000t}{chapter.3}% 18
\BOOKMARK [1][-]{section.3.9}{\376\377\000V\000a\000r\000i\000a\000b\000l\000e\000\040\000e\000l\000i\000m\000i\000n\000a\000t\000i\000o\000n}{chapter.3}% 19
\BOOKMARK [1][-]{section.3.10}{\376\377\000P\000r\000o\000p\000a\000g\000a\000t\000i\000o\000n\000\040\000l\000o\000o\000p}{chapter.3}% 20
\BOOKMARK [1][-]{section.3.11}{\376\377\000B\000a\000c\000k\000t\000r\000a\000c\000k\000\040\000m\000a\000n\000a\000g\000e\000m\000e\000n\000t}{chapter.3}% 21
\BOOKMARK [0][-]{chapter.4}{\376\377\000L\000i\000b\000r\000a\000r\000i\000e\000s}{}% 22
