\BOOKMARK [0][-]{chapter.1}{\376\377\000A\000b\000o\000u\000t\000\040\000t\000o\000u\000l\000b\000a\000r\0002}{}% 1
\BOOKMARK [0][-]{chapter.2}{\376\377\000A\000u\000t\000h\000o\000r\000s}{}% 2
\BOOKMARK [0][-]{chapter.3}{\376\377\000C\000i\000t\000a\000t\000i\000o\000n\000s}{}% 3
\BOOKMARK [0][-]{chapter.4}{\376\377\000A\000c\000k\000n\000o\000w\000l\000e\000d\000g\000e\000m\000e\000n\000t\000s}{}% 4
\BOOKMARK [0][-]{chapter.5}{\376\377\000L\000i\000c\000e\000n\000s\000e}{}% 5
\BOOKMARK [0][-]{chapter.6}{\376\377\000D\000o\000w\000n\000l\000o\000a\000d\000s}{}% 6
\BOOKMARK [1][-]{section.6.1}{\376\377\000O\000p\000e\000n\000-\000s\000o\000u\000r\000c\000e\000\040\000c\000o\000d\000e}{chapter.6}% 7
\BOOKMARK [1][-]{section.6.2}{\376\377\000P\000a\000c\000k\000a\000g\000e\000s}{chapter.6}% 8
\BOOKMARK [1][-]{section.6.3}{\376\377\000B\000i\000n\000a\000r\000i\000e\000s}{chapter.6}% 9
\BOOKMARK [1][-]{section.6.4}{\376\377\000P\000y\000t\000h\000o\000n\000\040\000p\000a\000c\000k\000a\000g\000e}{chapter.6}% 10
\BOOKMARK [1][-]{section.6.5}{\376\377\000D\000o\000c\000k\000e\000r\000\040\000i\000m\000a\000g\000e\000s}{chapter.6}% 11
\BOOKMARK [0][-]{chapter.7}{\376\377\000B\000e\000n\000c\000h\000m\000a\000r\000k\000\040\000l\000i\000b\000r\000a\000r\000i\000e\000s}{}% 12
\BOOKMARK [0][-]{chapter.8}{\376\377\000T\000u\000t\000o\000r\000i\000a\000l\000s}{}% 13
\BOOKMARK [0][-]{chapter.9}{\376\377\000U\000s\000e\000\040\000c\000a\000s\000e\000s}{}% 14
\BOOKMARK [0][-]{chapter.10}{\376\377\000L\000i\000s\000t\000\040\000o\000f\000\040\000a\000l\000l\000\040\000e\000x\000a\000m\000p\000l\000e\000s}{}% 15
\BOOKMARK [1][-]{section.10.1}{\376\377\000W\000e\000i\000g\000h\000t\000e\000d\000\040\000n\000-\000q\000u\000e\000e\000n\000\040\000p\000r\000o\000b\000l\000e\000m}{chapter.10}% 16
\BOOKMARK [2][-]{subsection.10.1.1}{\376\377\000B\000r\000i\000e\000f\000\040\000d\000e\000s\000c\000r\000i\000p\000t\000i\000o\000n}{section.10.1}% 17
\BOOKMARK [2][-]{subsection.10.1.2}{\376\377\000C\000F\000N\000\040\000m\000o\000d\000e\000l}{section.10.1}% 18
\BOOKMARK [2][-]{subsection.10.1.3}{\376\377\000E\000x\000a\000m\000p\000l\000e\000\040\000f\000o\000r\000\040\000N\000=\0004\000\040\000i\000n\000\040\000J\000S\000O\000N\000\040\000.\000c\000f\000n\000\040\000f\000o\000r\000m\000a\000t}{section.10.1}% 19
\BOOKMARK [2][-]{subsection.10.1.4}{\376\377\000P\000y\000t\000h\000o\000n\000\040\000m\000o\000d\000e\000l}{section.10.1}% 20
\BOOKMARK [1][-]{section.10.2}{\376\377\000W\000e\000i\000g\000h\000t\000e\000d\000\040\000l\000a\000t\000i\000n\000\040\000s\000q\000u\000a\000r\000e\000\040\000p\000r\000o\000b\000l\000e\000m}{chapter.10}% 21
\BOOKMARK [2][-]{subsection.10.2.1}{\376\377\000B\000r\000i\000e\000f\000\040\000d\000e\000s\000c\000r\000i\000p\000t\000i\000o\000n}{section.10.2}% 22
\BOOKMARK [2][-]{subsection.10.2.2}{\376\377\000C\000F\000N\000\040\000m\000o\000d\000e\000l}{section.10.2}% 23
\BOOKMARK [2][-]{subsection.10.2.3}{\376\377\000E\000x\000a\000m\000p\000l\000e\000\040\000f\000o\000r\000\040\000N\000=\0004\000\040\000i\000n\000\040\000J\000S\000O\000N\000\040\000.\000c\000f\000n\000\040\000f\000o\000r\000m\000a\000t}{section.10.2}% 24
\BOOKMARK [2][-]{subsection.10.2.4}{\376\377\000P\000y\000t\000h\000o\000n\000\040\000m\000o\000d\000e\000l}{section.10.2}% 25
\BOOKMARK [1][-]{section.10.3}{\376\377\000R\000a\000d\000i\000o\000\040\000l\000i\000n\000k\000\040\000f\000r\000e\000q\000u\000e\000n\000c\000y\000\040\000a\000s\000s\000i\000g\000n\000m\000e\000n\000t\000\040\000p\000r\000o\000b\000l\000e\000m}{chapter.10}% 26
\BOOKMARK [2][-]{subsection.10.3.1}{\376\377\000B\000r\000i\000e\000f\000\040\000d\000e\000s\000c\000r\000i\000p\000t\000i\000o\000n}{section.10.3}% 27
\BOOKMARK [2][-]{subsection.10.3.2}{\376\377\000C\000F\000N\000\040\000m\000o\000d\000e\000l}{section.10.3}% 28
\BOOKMARK [2][-]{subsection.10.3.3}{\376\377\000D\000a\000t\000a}{section.10.3}% 29
\BOOKMARK [2][-]{subsection.10.3.4}{\376\377\000P\000y\000t\000h\000o\000n\000\040\000m\000o\000d\000e\000l}{section.10.3}% 30
\BOOKMARK [1][-]{section.10.4}{\376\377\000F\000r\000e\000q\000u\000e\000n\000c\000y\000\040\000a\000s\000s\000i\000g\000n\000m\000e\000n\000t\000\040\000p\000r\000o\000b\000l\000e\000m\000\040\000w\000i\000t\000h\000\040\000p\000o\000l\000a\000r\000i\000z\000a\000t\000i\000o\000n}{chapter.10}% 31
\BOOKMARK [2][-]{subsection.10.4.1}{\376\377\000B\000r\000i\000e\000f\000\040\000d\000e\000s\000c\000r\000i\000p\000t\000i\000o\000n}{section.10.4}% 32
\BOOKMARK [2][-]{subsection.10.4.2}{\376\377\000C\000F\000N\000\040\000m\000o\000d\000e\000l}{section.10.4}% 33
\BOOKMARK [2][-]{subsection.10.4.3}{\376\377\000D\000a\000t\000a}{section.10.4}% 34
\BOOKMARK [2][-]{subsection.10.4.4}{\376\377\000P\000y\000t\000h\000o\000n\000\040\000m\000o\000d\000e\000l}{section.10.4}% 35
\BOOKMARK [1][-]{section.10.5}{\376\377\000M\000e\000n\000d\000e\000l\000i\000a\000n\000\040\000e\000r\000r\000o\000r\000\040\000d\000e\000t\000e\000c\000t\000i\000o\000n\000\040\000p\000r\000o\000b\000l\000e\000m}{chapter.10}% 36
\BOOKMARK [2][-]{subsection.10.5.1}{\376\377\000B\000r\000i\000e\000f\000\040\000d\000e\000s\000c\000r\000i\000p\000t\000i\000o\000n}{section.10.5}% 37
\BOOKMARK [2][-]{subsection.10.5.2}{\376\377\000C\000F\000N\000\040\000m\000o\000d\000e\000l}{section.10.5}% 38
\BOOKMARK [2][-]{subsection.10.5.3}{\376\377\000D\000a\000t\000a}{section.10.5}% 39
\BOOKMARK [2][-]{subsection.10.5.4}{\376\377\000P\000y\000t\000h\000o\000n\000\040\000m\000o\000d\000e\000l}{section.10.5}% 40
\BOOKMARK [1][-]{section.10.6}{\376\377\000B\000l\000o\000c\000k\000\040\000m\000o\000d\000e\000l\000i\000n\000g\000\040\000p\000r\000o\000b\000l\000e\000m}{chapter.10}% 41
\BOOKMARK [2][-]{subsection.10.6.1}{\376\377\000B\000r\000i\000e\000f\000\040\000d\000e\000s\000c\000r\000i\000p\000t\000i\000o\000n}{section.10.6}% 42
\BOOKMARK [2][-]{subsection.10.6.2}{\376\377\000C\000F\000N\000\040\000m\000o\000d\000e\000l}{section.10.6}% 43
\BOOKMARK [2][-]{subsection.10.6.3}{\376\377\000D\000a\000t\000a}{section.10.6}% 44
\BOOKMARK [2][-]{subsection.10.6.4}{\376\377\000P\000y\000t\000h\000o\000n\000\040\000m\000o\000d\000e\000l}{section.10.6}% 45
\BOOKMARK [1][-]{section.10.7}{\376\377\000A\000i\000r\000p\000l\000a\000n\000e\000\040\000l\000a\000n\000d\000i\000n\000g\000\040\000p\000r\000o\000b\000l\000e\000m}{chapter.10}% 46
\BOOKMARK [2][-]{subsection.10.7.1}{\376\377\000B\000r\000i\000e\000f\000\040\000d\000e\000s\000c\000r\000i\000p\000t\000i\000o\000n}{section.10.7}% 47
\BOOKMARK [2][-]{subsection.10.7.2}{\376\377\000C\000F\000N\000\040\000m\000o\000d\000e\000l}{section.10.7}% 48
\BOOKMARK [2][-]{subsection.10.7.3}{\376\377\000D\000a\000t\000a}{section.10.7}% 49
\BOOKMARK [2][-]{subsection.10.7.4}{\376\377\000P\000y\000t\000h\000o\000n\000\040\000m\000o\000d\000e\000l\000\040\000s\000o\000l\000v\000e\000r}{section.10.7}% 50
\BOOKMARK [1][-]{section.10.8}{\376\377\000W\000a\000r\000e\000h\000o\000u\000s\000e\000\040\000l\000o\000c\000a\000t\000i\000o\000n\000\040\000p\000r\000o\000b\000l\000e\000m}{chapter.10}% 51
\BOOKMARK [2][-]{subsection.10.8.1}{\376\377\000B\000r\000i\000e\000f\000\040\000d\000e\000s\000c\000r\000i\000p\000t\000i\000o\000n}{section.10.8}% 52
\BOOKMARK [2][-]{subsection.10.8.2}{\376\377\000C\000F\000N\000\040\000m\000o\000d\000e\000l}{section.10.8}% 53
\BOOKMARK [2][-]{subsection.10.8.3}{\376\377\000D\000a\000t\000a}{section.10.8}% 54
\BOOKMARK [2][-]{subsection.10.8.4}{\376\377\000P\000y\000t\000h\000o\000n\000\040\000m\000o\000d\000e\000l\000\040\000s\000o\000l\000v\000e\000r}{section.10.8}% 55
\BOOKMARK [1][-]{section.10.9}{\376\377\000S\000q\000u\000a\000r\000e\000\040\000p\000a\000c\000k\000i\000n\000g\000\040\000p\000r\000o\000b\000l\000e\000m}{chapter.10}% 56
\BOOKMARK [2][-]{subsection.10.9.1}{\376\377\000B\000r\000i\000e\000f\000\040\000d\000e\000s\000c\000r\000i\000p\000t\000i\000o\000n}{section.10.9}% 57
\BOOKMARK [2][-]{subsection.10.9.2}{\376\377\000C\000F\000N\000\040\000m\000o\000d\000e\000l}{section.10.9}% 58
\BOOKMARK [2][-]{subsection.10.9.3}{\376\377\000P\000y\000t\000h\000o\000n\000\040\000m\000o\000d\000e\000l}{section.10.9}% 59
\BOOKMARK [2][-]{subsection.10.9.4}{\376\377\000C\000+\000+\000\040\000p\000r\000o\000g\000r\000a\000m\000\040\000u\000s\000i\000n\000g\000\040\000l\000i\000b\000t\000b\0002\000.\000s\000o}{section.10.9}% 60
\BOOKMARK [1][-]{section.10.10}{\376\377\000S\000q\000u\000a\000r\000e\000\040\000s\000o\000f\000t\000\040\000p\000a\000c\000k\000i\000n\000g\000\040\000p\000r\000o\000b\000l\000e\000m}{chapter.10}% 61
\BOOKMARK [2][-]{subsection.10.10.1}{\376\377\000B\000r\000i\000e\000f\000\040\000d\000e\000s\000c\000r\000i\000p\000t\000i\000o\000n}{section.10.10}% 62
\BOOKMARK [2][-]{subsection.10.10.2}{\376\377\000C\000F\000N\000\040\000m\000o\000d\000e\000l}{section.10.10}% 63
\BOOKMARK [2][-]{subsection.10.10.3}{\376\377\000P\000y\000t\000h\000o\000n\000\040\000m\000o\000d\000e\000l}{section.10.10}% 64
\BOOKMARK [2][-]{subsection.10.10.4}{\376\377\000C\000+\000+\000\040\000p\000r\000o\000g\000r\000a\000m\000\040\000u\000s\000i\000n\000g\000\040\000l\000i\000b\000t\000b\0002\000.\000s\000o}{section.10.10}% 65
\BOOKMARK [1][-]{section.10.11}{\376\377\000G\000o\000l\000o\000m\000b\000\040\000r\000u\000l\000e\000r\000\040\000p\000r\000o\000b\000l\000e\000m}{chapter.10}% 66
\BOOKMARK [2][-]{subsection.10.11.1}{\376\377\000B\000r\000i\000e\000f\000\040\000d\000e\000s\000c\000r\000i\000p\000t\000i\000o\000n}{section.10.11}% 67
\BOOKMARK [2][-]{subsection.10.11.2}{\376\377\000C\000F\000N\000\040\000m\000o\000d\000e\000l}{section.10.11}% 68
\BOOKMARK [2][-]{subsection.10.11.3}{\376\377\000P\000y\000t\000h\000o\000n\000\040\000m\000o\000d\000e\000l}{section.10.11}% 69
\BOOKMARK [1][-]{section.10.12}{\376\377\000B\000o\000a\000r\000d\000\040\000c\000o\000l\000o\000r\000a\000t\000i\000o\000n\000\040\000p\000r\000o\000b\000l\000e\000m}{chapter.10}% 70
\BOOKMARK [2][-]{subsection.10.12.1}{\376\377\000B\000r\000i\000e\000f\000\040\000d\000e\000s\000c\000r\000i\000p\000t\000i\000o\000n}{section.10.12}% 71
\BOOKMARK [2][-]{subsection.10.12.2}{\376\377\000C\000F\000N\000\040\000b\000a\000s\000i\000c\000\040\000m\000o\000d\000e\000l}{section.10.12}% 72
\BOOKMARK [2][-]{subsection.10.12.3}{\376\377\000P\000y\000t\000h\000o\000n\000\040\000m\000o\000d\000e\000l}{section.10.12}% 73
\BOOKMARK [1][-]{section.10.13}{\376\377\000L\000e\000a\000r\000n\000i\000n\000g\000\040\000t\000o\000\040\000p\000l\000a\000y\000\040\000t\000h\000e\000\040\000S\000u\000d\000o\000k\000u}{chapter.10}% 74
\BOOKMARK [2][-]{subsection.10.13.1}{\376\377\000A\000v\000a\000i\000l\000a\000b\000l\000e}{section.10.13}% 75
\BOOKMARK [1][-]{section.10.14}{\376\377\000L\000e\000a\000r\000n\000i\000n\000g\000\040\000c\000a\000r\000\040\000c\000o\000n\000f\000i\000g\000u\000r\000a\000t\000i\000o\000n\000\040\000p\000r\000e\000f\000e\000r\000e\000n\000c\000e\000s}{chapter.10}% 76
\BOOKMARK [2][-]{subsection.10.14.1}{\376\377\000B\000r\000i\000e\000f\000\040\000d\000e\000s\000c\000r\000i\000p\000t\000i\000o\000n}{section.10.14}% 77
\BOOKMARK [2][-]{subsection.10.14.2}{\376\377\000A\000v\000a\000i\000l\000a\000b\000l\000e}{section.10.14}% 78
\BOOKMARK [1][-]{section.10.15}{\376\377\000V\000i\000s\000u\000a\000l\000\040\000S\000u\000d\000o\000k\000u\000\040\000T\000u\000t\000o\000r\000i\000a\000l}{chapter.10}% 79
\BOOKMARK [2][-]{subsection.10.15.1}{\376\377\000B\000r\000i\000e\000f\000\040\000d\000e\000s\000c\000r\000i\000p\000t\000i\000o\000n}{section.10.15}% 80
\BOOKMARK [2][-]{subsection.10.15.2}{\376\377\000A\000v\000a\000i\000l\000a\000b\000l\000e}{section.10.15}% 81
\BOOKMARK [1][-]{section.10.16}{\376\377\000V\000i\000s\000u\000a\000l\000\040\000S\000u\000d\000o\000k\000u\000\040\000A\000p\000p\000l\000i\000c\000a\000t\000i\000o\000n}{chapter.10}% 82
\BOOKMARK [2][-]{subsection.10.16.1}{\376\377\000B\000r\000i\000e\000f\000\040\000d\000e\000s\000c\000r\000i\000p\000t\000i\000o\000n}{section.10.16}% 83
\BOOKMARK [2][-]{subsection.10.16.2}{\376\377\000A\000v\000a\000i\000l\000a\000b\000l\000e}{section.10.16}% 84
\BOOKMARK [3][-]{subsubsection*.4}{\376\377\000S\000o\000f\000t\000w\000a\000r\000e}{subsection.10.16.2}% 85
\BOOKMARK [3][-]{subsubsection*.5}{\376\377\000A\000s\000\040\000a\000n\000\040\000A\000P\000K}{subsection.10.16.2}% 86
\BOOKMARK [3][-]{subsubsection*.6}{\376\377\000A\000s\000\040\000a\000\040\000W\000e\000b\000\040\000s\000e\000r\000v\000i\000c\000e}{subsection.10.16.2}% 87
\BOOKMARK [1][-]{section.10.17}{\376\377\000V\000i\000s\000u\000a\000l\000\040\000S\000u\000d\000o\000k\000u\000\040\000A\000p\000p\000\040\000f\000o\000r\000\040\000A\000n\000d\000r\000o\000i\000d}{chapter.10}% 88
\BOOKMARK [2][-]{subsection.10.17.1}{\376\377\000A\000\040\000v\000i\000s\000u\000a\000l\000\040\000s\000u\000d\000o\000k\000u\000\040\000s\000o\000l\000v\000e\000r\000\040\000b\000a\000s\000e\000d\000\040\000o\000n\000\040\000c\000o\000s\000t\000\040\000f\000u\000n\000c\000t\000i\000o\000n\000\040\000n\000e\000t\000w\000o\000r\000k\000s}{section.10.17}% 89
\BOOKMARK [2][-]{subsection.10.17.2}{\376\377\000S\000o\000u\000r\000c\000e\000\040\000C\000o\000d\000e}{section.10.17}% 90
\BOOKMARK [2][-]{subsection.10.17.3}{\376\377\000D\000o\000w\000n\000l\000o\000a\000d\000\040\000a\000n\000d\000\040\000I\000n\000s\000t\000a\000l\000l}{section.10.17}% 91
\BOOKMARK [2][-]{subsection.10.17.4}{\376\377\000D\000e\000s\000c\000r\000i\000p\000t\000i\000o\000n}{section.10.17}% 92
\BOOKMARK [1][-]{section.10.18}{\376\377\000A\000\040\000s\000u\000d\000o\000k\000u\000\040\000c\000o\000d\000e}{chapter.10}% 93
\BOOKMARK [2][-]{subsection.10.18.1}{\376\377\000B\000r\000i\000e\000f\000\040\000d\000e\000s\000c\000r\000i\000p\000t\000i\000o\000n}{section.10.18}% 94
\BOOKMARK [2][-]{subsection.10.18.2}{\376\377\000A\000v\000a\000i\000l\000a\000b\000l\000e}{section.10.18}% 95
\BOOKMARK [3][-]{subsubsection*.7}{\376\377\000W\000e\000b\000\040\000s\000e\000r\000v\000i\000c\000e\000\040\000t\000o\000\040\000g\000e\000t\000\040\000o\000n\000e\000\040\000s\000u\000d\000o\000k\000u\000\040\000g\000r\000i\000d\000s\000\040\000\050\000b\000o\000t\000h\000\040\000p\000a\000r\000t\000i\000a\000l\000\040\000a\000n\000d\000\040\000c\000o\000m\000p\000l\000e\000t\000e\000d\000\051\000\040\000:}{subsection.10.18.2}% 96
\BOOKMARK [3][-]{subsubsection*.8}{\376\377\000W\000e\000b\000\040\000s\000e\000r\000v\000i\000c\000e\000\040\000t\000o\000\040\000f\000u\000r\000t\000h\000e\000r\000\040\000g\000e\000t\000\040\000a\000\040\000d\000e\000t\000a\000i\000l\000e\000d\000\040\000d\000e\000s\000c\000r\000i\000p\000t\000i\000o\000n\000\040\000o\000f\000\040\000w\000h\000a\000t\000\040\000t\000h\000e\000\040\000p\000r\000o\000g\000r\000a\000m\000\040\000d\000o\000e\000s\000\040\000\050\000v\000e\000r\000b\000o\000s\000e\000\040\000v\000e\000r\000s\000i\000o\000n\000\051\000\040\000:}{subsection.10.18.2}% 97
\BOOKMARK [3][-]{subsubsection*.9}{\376\377\000E\000x\000a\000m\000p\000l\000e\000\040\000o\000f\000\040\000c\000a\000l\000l\000i\000n\000g\000\040\000t\000h\000e\000\040\000s\000u\000d\000o\000k\000u\000\040\000w\000e\000b\000\040\000s\000e\000r\000v\000i\000c\000e\000s\000\040\000f\000r\000o\000m\000\040\000a\000\040\000t\000e\000r\000m\000i\000n\000a\000l\000\040\000b\000y\000\040\000c\000U\000R\000L\000\040\000:}{subsection.10.18.2}% 98
\BOOKMARK [0][-]{chapter.11}{\376\377\000U\000s\000e\000r\000\040\000G\000u\000i\000d\000e}{}% 99
\BOOKMARK [1][-]{section.11.1}{\376\377\000W\000h\000a\000t\000\040\000i\000s\000\040\000t\000o\000u\000l\000b\000a\000r\0002}{chapter.11}% 100
\BOOKMARK [1][-]{section.11.2}{\376\377\000H\000o\000w\000\040\000d\000o\000\040\000I\000\040\000i\000n\000s\000t\000a\000l\000l\000\040\000i\000t\000\040\000?}{chapter.11}% 101
\BOOKMARK [1][-]{section.11.3}{\376\377\000H\000o\000w\000\040\000d\000o\000\040\000I\000\040\000t\000e\000s\000t\000\040\000i\000t\000\040\000?}{chapter.11}% 102
\BOOKMARK [1][-]{section.11.4}{\376\377\000U\000s\000i\000n\000g\000\040\000i\000t\000\040\000a\000s\000\040\000a\000\040\000b\000l\000a\000c\000k\000\040\000b\000o\000x}{chapter.11}% 103
\BOOKMARK [1][-]{section.11.5}{\376\377\000Q\000u\000i\000c\000k\000\040\000s\000t\000a\000r\000t}{chapter.11}% 104
\BOOKMARK [1][-]{section.11.6}{\376\377\000C\000o\000m\000m\000a\000n\000d\000\040\000l\000i\000n\000e\000\040\000o\000p\000t\000i\000o\000n\000s}{chapter.11}% 105
\BOOKMARK [2][-]{subsection.11.6.1}{\376\377\000G\000e\000n\000e\000r\000a\000l\000\040\000c\000o\000n\000t\000r\000o\000l}{section.11.6}% 106
\BOOKMARK [2][-]{subsection.11.6.2}{\376\377\000P\000r\000e\000p\000r\000o\000c\000e\000s\000s\000i\000n\000g}{section.11.6}% 107
\BOOKMARK [2][-]{subsection.11.6.3}{\376\377\000I\000n\000i\000t\000i\000a\000l\000\040\000u\000p\000p\000e\000r\000\040\000b\000o\000u\000n\000d\000i\000n\000g}{section.11.6}% 108
\BOOKMARK [2][-]{subsection.11.6.4}{\376\377\000T\000r\000e\000e\000\040\000s\000e\000a\000r\000c\000h\000\040\000a\000l\000g\000o\000r\000i\000t\000h\000m\000s\000\040\000a\000n\000d\000\040\000t\000r\000e\000e\000\040\000d\000e\000c\000o\000m\000p\000o\000s\000i\000t\000i\000o\000n\000\040\000s\000e\000l\000e\000c\000t\000i\000o\000n}{section.11.6}% 109
\BOOKMARK [2][-]{subsection.11.6.5}{\376\377\000V\000a\000r\000i\000a\000b\000l\000e\000\040\000n\000e\000i\000g\000h\000b\000o\000r\000h\000o\000o\000d\000\040\000s\000e\000a\000r\000c\000h\000\040\000a\000l\000g\000o\000r\000i\000t\000h\000m\000s}{section.11.6}% 110
\BOOKMARK [2][-]{subsection.11.6.6}{\376\377\000N\000o\000d\000e\000\040\000p\000r\000o\000c\000e\000s\000s\000i\000n\000g\000\040\000\046\000\040\000b\000o\000u\000n\000d\000i\000n\000g\000\040\000o\000p\000t\000i\000o\000n\000s}{section.11.6}% 111
\BOOKMARK [2][-]{subsection.11.6.7}{\376\377\000B\000r\000a\000n\000c\000h\000i\000n\000g\000,\000\040\000v\000a\000r\000i\000a\000b\000l\000e\000\040\000a\000n\000d\000\040\000v\000a\000l\000u\000e\000\040\000o\000r\000d\000e\000r\000i\000n\000g}{section.11.6}% 112
\BOOKMARK [2][-]{subsection.11.6.8}{\376\377\000D\000i\000v\000e\000r\000s\000e\000\040\000s\000o\000l\000u\000t\000i\000o\000n\000s}{section.11.6}% 113
\BOOKMARK [2][-]{subsection.11.6.9}{\376\377\000C\000o\000n\000s\000o\000l\000e\000\040\000o\000u\000t\000p\000u\000t}{section.11.6}% 114
\BOOKMARK [2][-]{subsection.11.6.10}{\376\377\000F\000i\000l\000e\000\040\000o\000u\000t\000p\000u\000t}{section.11.6}% 115
\BOOKMARK [2][-]{subsection.11.6.11}{\376\377\000P\000r\000o\000b\000a\000b\000i\000l\000i\000t\000y\000\040\000r\000e\000p\000r\000e\000s\000e\000n\000t\000a\000t\000i\000o\000n\000\040\000a\000n\000d\000\040\000n\000u\000m\000e\000r\000i\000c\000a\000l\000\040\000c\000o\000n\000t\000r\000o\000l}{section.11.6}% 116
\BOOKMARK [2][-]{subsection.11.6.12}{\376\377\000R\000a\000n\000d\000o\000m\000\040\000p\000r\000o\000b\000l\000e\000m\000\040\000g\000e\000n\000e\000r\000a\000t\000i\000o\000n}{section.11.6}% 117
\BOOKMARK [1][-]{section.11.7}{\376\377\000I\000n\000p\000u\000t\000\040\000f\000o\000r\000m\000a\000t\000s}{chapter.11}% 118
\BOOKMARK [2][-]{subsection.11.7.1}{\376\377\000I\000n\000t\000r\000o\000d\000u\000c\000t\000i\000o\000n}{section.11.7}% 119
\BOOKMARK [2][-]{subsection.11.7.2}{\376\377\000F\000o\000r\000m\000a\000t\000s\000\040\000d\000e\000t\000a\000i\000l\000s}{section.11.7}% 120
\BOOKMARK [3][-]{subsubsection*.10}{\376\377\000C\000F\000N\000\040\000f\000o\000r\000m\000a\000t\000\040\000\050\000.\000c\000f\000n\000\040\000s\000u\000f\000f\000i\000x\000\051}{subsection.11.7.2}% 121
\BOOKMARK [3][-]{subsubsection*.11}{\376\377\000W\000e\000i\000g\000h\000t\000e\000d\000\040\000C\000o\000n\000s\000t\000r\000a\000i\000n\000t\000\040\000S\000a\000t\000i\000s\000f\000a\000c\000t\000i\000o\000n\000\040\000P\000r\000o\000b\000l\000e\000m\000\040\000f\000i\000l\000e\000\040\000f\000o\000r\000m\000a\000t\000\040\000\050\000w\000c\000s\000p\000\051}{subsection.11.7.2}% 122
\BOOKMARK [3][-]{subsubsection*.13}{\376\377\000U\000A\000I\000\040\000a\000n\000d\000\040\000L\000G\000\040\000f\000o\000r\000m\000a\000t\000s\000\040\000\050\000.\000u\000a\000i\000,\000\040\000.\000L\000G\000\051}{subsection.11.7.2}% 123
\BOOKMARK [3][-]{subsubsection*.14}{\376\377\000P\000a\000r\000t\000i\000a\000l\000\040\000W\000e\000i\000g\000h\000t\000e\000d\000\040\000M\000a\000x\000S\000A\000T\000\040\000f\000o\000r\000m\000a\000t}{subsection.11.7.2}% 124
\BOOKMARK [3][-]{subsubsection*.15}{\376\377\000Q\000P\000B\000O\000\040\000f\000o\000r\000m\000a\000t\000\040\000\050\000.\000q\000p\000b\000o\000\051}{subsection.11.7.2}% 125
\BOOKMARK [3][-]{subsubsection*.16}{\376\377\000O\000P\000B\000\040\000f\000o\000r\000m\000a\000t\000\040\000\050\000.\000o\000p\000b\000\051}{subsection.11.7.2}% 126
\BOOKMARK [3][-]{subsubsection*.17}{\376\377\000X\000C\000S\000P\0002\000.\0001\000\040\000f\000o\000r\000m\000a\000t\000\040\000\050\000.\000x\000m\000l\000\051}{subsection.11.7.2}% 127
\BOOKMARK [3][-]{subsubsection*.18}{\376\377\000X\000C\000S\000P\0003\000\040\000f\000o\000r\000m\000a\000t\000\040\000\050\000.\000x\000m\000l\000\051}{subsection.11.7.2}% 128
\BOOKMARK [3][-]{subsubsection*.19}{\376\377\000L\000i\000n\000k\000a\000g\000e\000\040\000f\000o\000r\000m\000a\000t\000\040\000\050\000.\000p\000r\000e\000\051}{subsection.11.7.2}% 129
\BOOKMARK [1][-]{section.11.8}{\376\377\000H\000o\000w\000\040\000d\000o\000\040\000I\000\040\000u\000s\000e\000\040\000i\000t\000\040\000?}{chapter.11}% 130
\BOOKMARK [2][-]{subsection.11.8.1}{\376\377\000U\000s\000i\000n\000g\000\040\000i\000t\000\040\000a\000s\000\040\000a\000\040\000C\000+\000+\000\040\000l\000i\000b\000r\000a\000r\000y}{section.11.8}% 131
\BOOKMARK [2][-]{subsection.11.8.2}{\376\377\000U\000s\000i\000n\000g\000\040\000i\000t\000\040\000f\000r\000o\000m\000\040\000P\000y\000t\000h\000o\000n}{section.11.8}% 132
\BOOKMARK [1][-]{section.11.9}{\376\377\000R\000e\000f\000e\000r\000e\000n\000c\000e\000s}{chapter.11}% 133
\BOOKMARK [0][-]{chapter.12}{\376\377\000R\000e\000f\000e\000r\000e\000n\000c\000e\000\040\000M\000a\000n\000u\000a\000l}{}% 134
\BOOKMARK [1][-]{section.12.1}{\376\377\000I\000n\000t\000r\000o\000d\000u\000c\000t\000i\000o\000n}{chapter.12}% 135
\BOOKMARK [1][-]{section.12.2}{\376\377\000E\000x\000a\000c\000t\000\040\000o\000p\000t\000i\000m\000i\000z\000a\000t\000i\000o\000n\000\040\000f\000o\000r\000\040\000c\000o\000s\000t\000\040\000f\000u\000n\000c\000t\000i\000o\000n\000\040\000n\000e\000t\000w\000o\000r\000k\000s\000\040\000a\000n\000d\000\040\000a\000d\000d\000i\000t\000i\000v\000e\000\040\000g\000r\000a\000p\000h\000i\000c\000a\000l\000\040\000m\000o\000d\000e\000l\000s}{chapter.12}% 136
\BOOKMARK [2][-]{subsection.12.2.1}{\376\377\000W\000h\000a\000t\000\040\000i\000s\000\040\000t\000o\000u\000l\000b\000a\000r\0002\000?}{section.12.2}% 137
\BOOKMARK [2][-]{subsection.12.2.2}{\376\377\000I\000n\000s\000t\000a\000l\000l\000a\000t\000i\000o\000n\000\040\000f\000r\000o\000m\000\040\000b\000i\000n\000a\000r\000i\000e\000s}{section.12.2}% 138
\BOOKMARK [2][-]{subsection.12.2.3}{\376\377\000P\000y\000t\000h\000o\000n\000\040\000i\000n\000t\000e\000r\000f\000a\000c\000e}{section.12.2}% 139
\BOOKMARK [2][-]{subsection.12.2.4}{\376\377\000D\000o\000w\000n\000l\000o\000a\000d}{section.12.2}% 140
\BOOKMARK [2][-]{subsection.12.2.5}{\376\377\000I\000n\000s\000t\000a\000l\000l\000a\000t\000i\000o\000n\000\040\000f\000r\000o\000m\000\040\000s\000o\000u\000r\000c\000e\000s}{section.12.2}% 141
\BOOKMARK [2][-]{subsection.12.2.6}{\376\377\000C\000o\000n\000v\000e\000x\000\040\000C\000o\000m\000b\000i\000n\000a\000t\000i\000o\000n\000\040\000o\000f\000\040\000m\000u\000l\000t\000i\000p\000l\000e\000\040\000C\000r\000i\000t\000e\000r\000i\000a\000\040\000b\000r\000a\000n\000c\000h}{section.12.2}% 142
\BOOKMARK [3][-]{subsubsection*.20}{\376\377\000c\000h\000a\000n\000g\000e\000s\000\040\000r\000e\000g\000a\000r\000d\000i\000n\000g\000\040\000t\000h\000e\000\040\000m\000a\000s\000t\000e\000r\000\040\000t\000o\000u\000l\000b\000a\000r\0002\000\040\000c\000+\000+\000/\000p\000y\000t\000h\000o\000n\000\040\000A\000P\000I}{subsection.12.2.6}% 143
\BOOKMARK [1][-]{section.12.3}{\376\377\000M\000o\000d\000u\000l\000e\000s}{chapter.12}% 144
\BOOKMARK [2][-]{subsection.12.3.1}{\376\377\000V\000a\000r\000i\000a\000b\000l\000e\000\040\000a\000n\000d\000\040\000c\000o\000s\000t\000\040\000f\000u\000n\000c\000t\000i\000o\000n\000\040\000m\000o\000d\000e\000l\000i\000n\000g}{section.12.3}% 145
\BOOKMARK [2][-]{subsection.12.3.2}{\376\377\000S\000o\000l\000v\000i\000n\000g\000\040\000c\000o\000s\000t\000\040\000f\000u\000n\000c\000t\000i\000o\000n\000\040\000n\000e\000t\000w\000o\000r\000k\000s}{section.12.3}% 146
\BOOKMARK [2][-]{subsection.12.3.3}{\376\377\000O\000u\000t\000p\000u\000t\000\040\000m\000e\000s\000s\000a\000g\000e\000s\000,\000\040\000v\000e\000r\000b\000o\000s\000i\000t\000y\000\040\000o\000p\000t\000i\000o\000n\000s\000\040\000a\000n\000d\000\040\000d\000e\000b\000u\000g\000g\000i\000n\000g}{section.12.3}% 147
\BOOKMARK [2][-]{subsection.12.3.4}{\376\377\000P\000r\000e\000p\000r\000o\000c\000e\000s\000s\000i\000n\000g\000\040\000t\000e\000c\000h\000n\000i\000q\000u\000e\000s}{section.12.3}% 148
\BOOKMARK [2][-]{subsection.12.3.5}{\376\377\000V\000a\000r\000i\000a\000b\000l\000e\000\040\000a\000n\000d\000\040\000v\000a\000l\000u\000e\000\040\000s\000e\000a\000r\000c\000h\000\040\000o\000r\000d\000e\000r\000i\000n\000g\000\040\000h\000e\000u\000r\000i\000s\000t\000i\000c\000s}{section.12.3}% 149
\BOOKMARK [2][-]{subsection.12.3.6}{\376\377\000S\000o\000f\000t\000\040\000a\000r\000c\000\040\000c\000o\000n\000s\000i\000s\000t\000e\000n\000c\000y\000\040\000a\000n\000d\000\040\000p\000r\000o\000b\000l\000e\000m\000\040\000r\000e\000f\000o\000r\000m\000u\000l\000a\000t\000i\000o\000n}{section.12.3}% 150
\BOOKMARK [2][-]{subsection.12.3.7}{\376\377\000V\000i\000r\000t\000u\000a\000l\000\040\000A\000r\000c\000\040\000C\000o\000n\000s\000i\000s\000t\000e\000n\000c\000y\000\040\000e\000n\000f\000o\000r\000c\000i\000n\000g}{section.12.3}% 151
\BOOKMARK [2][-]{subsection.12.3.8}{\376\377\000N\000C\000\040\000b\000u\000c\000k\000e\000t\000\040\000s\000o\000r\000t}{section.12.3}% 152
\BOOKMARK [2][-]{subsection.12.3.9}{\376\377\000V\000a\000r\000i\000a\000b\000l\000e\000\040\000e\000l\000i\000m\000i\000n\000a\000t\000i\000o\000n}{section.12.3}% 153
\BOOKMARK [2][-]{subsection.12.3.10}{\376\377\000P\000r\000o\000p\000a\000g\000a\000t\000i\000o\000n\000\040\000l\000o\000o\000p}{section.12.3}% 154
\BOOKMARK [2][-]{subsection.12.3.11}{\376\377\000B\000a\000c\000k\000t\000r\000a\000c\000k\000\040\000m\000a\000n\000a\000g\000e\000m\000e\000n\000t}{section.12.3}% 155
\BOOKMARK [1][-]{section.12.4}{\376\377\000L\000i\000b\000r\000a\000r\000i\000e\000s}{chapter.12}% 156
\BOOKMARK [0][-]{chapter.13}{\376\377\000D\000o\000c\000u\000m\000e\000n\000t\000a\000t\000i\000o\000n\000\040\000i\000n\000\040\000p\000d\000f}{}% 157
\BOOKMARK [0][-]{chapter.14}{\376\377\000P\000u\000b\000l\000i\000c\000a\000t\000i\000o\000n\000s}{}% 158
\BOOKMARK [1][-]{section.14.1}{\376\377\000C\000o\000n\000f\000e\000r\000e\000n\000c\000e\000\040\000t\000a\000l\000k\000s}{chapter.14}% 159
\BOOKMARK [1][-]{section.14.2}{\376\377\000R\000e\000l\000a\000t\000e\000d\000\040\000p\000u\000b\000l\000i\000c\000a\000t\000i\000o\000n\000s}{chapter.14}% 160
\BOOKMARK [2][-]{subsection.14.2.1}{\376\377\000W\000h\000a\000t\000\040\000a\000r\000e\000\040\000t\000h\000e\000\040\000a\000l\000g\000o\000r\000i\000t\000h\000m\000s\000\040\000i\000n\000s\000i\000d\000e\000\040\000t\000o\000u\000l\000b\000a\000r\0002\000\040\000?}{section.14.2}% 161
\BOOKMARK [2][-]{subsection.14.2.2}{\376\377\000t\000o\000u\000l\000b\000a\000r\0002\000\040\000f\000o\000r\000\040\000C\000o\000m\000b\000i\000n\000a\000t\000o\000r\000i\000a\000l\000\040\000O\000p\000t\000i\000m\000i\000z\000a\000t\000i\000o\000n\000\040\000i\000n\000\040\000L\000i\000f\000e\000\040\000S\000c\000i\000e\000n\000c\000e\000s}{section.14.2}% 162
\BOOKMARK [2][-]{subsection.14.2.3}{\376\377\000O\000t\000h\000e\000r\000\040\000p\000u\000b\000l\000i\000c\000a\000t\000i\000o\000n\000s\000\040\000m\000e\000n\000t\000i\000o\000n\000i\000n\000g\000\040\000t\000o\000u\000l\000b\000a\000r\0002}{section.14.2}% 163
\BOOKMARK [0][-]{chapter*.32}{\376\377\000B\000i\000b\000l\000i\000o\000g\000r\000a\000p\000h\000y}{}% 164
