This is pdfTeX, Version 3.141592653-2.6-1.40.22 (TeX Live 2022/dev/Debian) (preloaded format=pdflatex 2022.9.30)  30 NOV 2022 13:38
entering extended mode
 restricted \write18 enabled.
 %&-line parsing enabled.
**toulbar2.tex
(./toulbar2.tex
LaTeX2e <2021-11-15> patch level 1
L3 programming layer <2022-01-21> (./sphinxmanual.cls
Document Class: sphinxmanual 2019/12/01 v2.3.0 Document class (Sphinx manual)
(/usr/share/texlive/texmf-dist/tex/latex/base/report.cls
Document Class: report 2021/10/04 v1.4n Standard LaTeX document class
(/usr/share/texlive/texmf-dist/tex/latex/base/size10.clo
File: size10.clo 2021/10/04 v1.4n Standard LaTeX file (size option)
)
\c@part=\count185
\c@chapter=\count186
\c@section=\count187
\c@subsection=\count188
\c@subsubsection=\count189
\c@paragraph=\count190
\c@subparagraph=\count191
\c@figure=\count192
\c@table=\count193
\abovecaptionskip=\skip47
\belowcaptionskip=\skip48
\bibindent=\dimen138
)
LaTeX Info: Redefining \and on input line 35.
)
(/usr/share/texlive/texmf-dist/tex/latex/base/inputenc.sty
Package: inputenc 2021/02/14 v1.3d Input encoding file
\inpenc@prehook=\toks16
\inpenc@posthook=\toks17
)
   defining Unicode char U+00A0 (decimal 160)
   defining Unicode char U+2500 (decimal 9472)
   defining Unicode char U+2502 (decimal 9474)
   defining Unicode char U+2514 (decimal 9492)
   defining Unicode char U+251C (decimal 9500)
   defining Unicode char U+2572 (decimal 9586)

(/usr/share/texlive/texmf-dist/tex/latex/cmap/cmap.sty
Package: cmap 2021/02/06 v1.0j CMap support: searchable PDF
)
(/usr/share/texlive/texmf-dist/tex/latex/base/fontenc.sty
Package: fontenc 2021/04/29 v2.0v Standard LaTeX package
<<t1.cmap>>)
(/usr/share/texlive/texmf-dist/tex/latex/amsmath/amsmath.sty
Package: amsmath 2021/10/15 v2.17l AMS math features
\@mathmargin=\skip49

For additional information on amsmath, use the `?' option.
(/usr/share/texlive/texmf-dist/tex/latex/amsmath/amstext.sty
Package: amstext 2021/08/26 v2.01 AMS text

(/usr/share/texlive/texmf-dist/tex/latex/amsmath/amsgen.sty
File: amsgen.sty 1999/11/30 v2.0 generic functions
\@emptytoks=\toks18
\ex@=\dimen139
))
(/usr/share/texlive/texmf-dist/tex/latex/amsmath/amsbsy.sty
Package: amsbsy 1999/11/29 v1.2d Bold Symbols
\pmbraise@=\dimen140
)
(/usr/share/texlive/texmf-dist/tex/latex/amsmath/amsopn.sty
Package: amsopn 2021/08/26 v2.02 operator names
)
\inf@bad=\count194
LaTeX Info: Redefining \frac on input line 234.
\uproot@=\count195
\leftroot@=\count196
LaTeX Info: Redefining \overline on input line 399.
\classnum@=\count197
\DOTSCASE@=\count198
LaTeX Info: Redefining \ldots on input line 496.
LaTeX Info: Redefining \dots on input line 499.
LaTeX Info: Redefining \cdots on input line 620.
\Mathstrutbox@=\box50
\strutbox@=\box51
\big@size=\dimen141
LaTeX Font Info:    Redeclaring font encoding OML on input line 743.
LaTeX Font Info:    Redeclaring font encoding OMS on input line 744.
\macc@depth=\count199
\c@MaxMatrixCols=\count266
\dotsspace@=\muskip16
\c@parentequation=\count267
\dspbrk@lvl=\count268
\tag@help=\toks19
\row@=\count269
\column@=\count270
\maxfields@=\count271
\andhelp@=\toks20
\eqnshift@=\dimen142
\alignsep@=\dimen143
\tagshift@=\dimen144
\tagwidth@=\dimen145
\totwidth@=\dimen146
\lineht@=\dimen147
\@envbody=\toks21
\multlinegap=\skip50
\multlinetaggap=\skip51
\mathdisplay@stack=\toks22
LaTeX Info: Redefining \[ on input line 2938.
LaTeX Info: Redefining \] on input line 2939.
)
(/usr/share/texlive/texmf-dist/tex/latex/amsfonts/amssymb.sty
Package: amssymb 2013/01/14 v3.01 AMS font symbols

(/usr/share/texlive/texmf-dist/tex/latex/amsfonts/amsfonts.sty
Package: amsfonts 2013/01/14 v3.01 Basic AMSFonts support
\symAMSa=\mathgroup4
\symAMSb=\mathgroup5
LaTeX Font Info:    Redeclaring math symbol \hbar on input line 98.
LaTeX Font Info:    Overwriting math alphabet `\mathfrak' in version `bold'
(Font)                  U/euf/m/n --> U/euf/b/n on input line 106.
))
(/usr/share/texlive/texmf-dist/tex/generic/babel/babel.sty
Package: babel 2022/01/26 3.70 The Babel package
\babel@savecnt=\count272
\U@D=\dimen148
\l@unhyphenated=\language87

(/usr/share/texlive/texmf-dist/tex/generic/babel/txtbabel.def)
\bbl@readstream=\read2
\bbl@dirlevel=\count273

(/usr/share/texlive/texmf-dist/tex/generic/babel-english/english.ldf
Language: english 2017/06/06 v3.3r English support from the babel system
Package babel Info: Hyphen rules for 'canadian' set to \l@english
(babel)             (\language0). Reported on input line 102.
Package babel Info: Hyphen rules for 'australian' set to \l@ukenglish
(babel)             (\language6). Reported on input line 105.
Package babel Info: Hyphen rules for 'newzealand' set to \l@ukenglish
(babel)             (\language6). Reported on input line 108.
))
(/usr/share/texmf/tex/latex/tex-gyre/tgtermes.sty
Package: tgtermes 2009/09/27 v1.2 TeX Gyre Termes as default roman family

(/usr/share/texlive/texmf-dist/tex/latex/kvoptions/kvoptions.sty
Package: kvoptions 2020-10-07 v3.14 Key value format for package options (HO)

(/usr/share/texlive/texmf-dist/tex/latex/graphics/keyval.sty
Package: keyval 2014/10/28 v1.15 key=value parser (DPC)
\KV@toks@=\toks23
)
(/usr/share/texlive/texmf-dist/tex/generic/ltxcmds/ltxcmds.sty
Package: ltxcmds 2020-05-10 v1.25 LaTeX kernel commands for general use (HO)
)
(/usr/share/texlive/texmf-dist/tex/generic/kvsetkeys/kvsetkeys.sty
Package: kvsetkeys 2019/12/15 v1.18 Key value parser (HO)
)))
(/usr/share/texmf/tex/latex/tex-gyre/tgheros.sty
Package: tgheros 2009/09/27 v1.2 TeX Gyre Heros as default sans serif family
)
(/usr/share/texlive/texmf-dist/tex/latex/fncychap/fncychap.sty
Package: fncychap 2007/07/30 v1.34 LaTeX package (Revised chapters)
\RW=\skip52
\mylen=\skip53
\myhi=\skip54
\px=\skip55
\py=\skip56
\pyy=\skip57
\pxx=\skip58
\c@AlphaCnt=\count274
\c@AlphaDecCnt=\count275
) (./sphinx.sty
Package: sphinx 2022/08/15 v5.3.0 LaTeX package (Sphinx markup)

(/usr/share/texlive/texmf-dist/tex/latex/xcolor/xcolor.sty
Package: xcolor 2021/10/31 v2.13 LaTeX color extensions (UK)

(/usr/share/texlive/texmf-dist/tex/latex/graphics-cfg/color.cfg
File: color.cfg 2016/01/02 v1.6 sample color configuration
)
Package xcolor Info: Driver file: pdftex.def on input line 227.

(/usr/share/texlive/texmf-dist/tex/latex/graphics-def/pdftex.def
File: pdftex.def 2020/10/05 v1.2a Graphics/color driver for pdftex
)
Package xcolor Info: Model `cmy' substituted by `cmy0' on input line 1352.
Package xcolor Info: Model `hsb' substituted by `rgb' on input line 1356.
Package xcolor Info: Model `RGB' extended on input line 1368.
Package xcolor Info: Model `HTML' substituted by `rgb' on input line 1370.
Package xcolor Info: Model `Hsb' substituted by `hsb' on input line 1371.
Package xcolor Info: Model `tHsb' substituted by `hsb' on input line 1372.
Package xcolor Info: Model `HSB' substituted by `hsb' on input line 1373.
Package xcolor Info: Model `Gray' substituted by `gray' on input line 1374.
Package xcolor Info: Model `wave' substituted by `hsb' on input line 1375.
)
\sphinxverbatimsep=\dimen149
\sphinxverbatimborder=\dimen150
\sphinxshadowsep=\dimen151
\sphinxshadowsize=\dimen152
\sphinxshadowrule=\dimen153
\spx@notice@border=\dimen154

(./sphinxoptionshyperref.sty
File: sphinxoptionshyperref.sty 2021/01/27 hyperref
) (./sphinxoptionsgeometry.sty
File: sphinxoptionsgeometry.sty 2021/01/27 geometry
)
(/usr/share/texlive/texmf-dist/tex/latex/base/textcomp.sty
Package: textcomp 2020/02/02 v2.0n Standard LaTeX package
)
(/usr/share/texlive/texmf-dist/tex/latex/float/float.sty
Package: float 2001/11/08 v1.3d Float enhancements (AL)
\c@float@type=\count276
\float@exts=\toks24
\float@box=\box52
\@float@everytoks=\toks25
\@floatcapt=\box53
)
(/usr/share/texlive/texmf-dist/tex/latex/wrapfig/wrapfig.sty
\wrapoverhang=\dimen155
\WF@size=\dimen156
\c@WF@wrappedlines=\count277
\WF@box=\box54
\WF@everypar=\toks26
Package: wrapfig 2003/01/31  v 3.6
)
(/usr/share/texlive/texmf-dist/tex/latex/capt-of/capt-of.sty
Package: capt-of 2009/12/29 v0.2 standard captions outside of floats
)
(/usr/share/texlive/texmf-dist/tex/latex/tools/multicol.sty
Package: multicol 2021/10/28 v1.9b multicolumn formatting (FMi)
\c@tracingmulticols=\count278
\mult@box=\box55
\multicol@leftmargin=\dimen157
\c@unbalance=\count279
\c@collectmore=\count280
\doublecol@number=\count281
\multicoltolerance=\count282
\multicolpretolerance=\count283
\full@width=\dimen158
\page@free=\dimen159
\premulticols=\dimen160
\postmulticols=\dimen161
\multicolsep=\skip59
\multicolbaselineskip=\skip60
\partial@page=\box56
\last@line=\box57
\maxbalancingoverflow=\dimen162
\mult@rightbox=\box58
\mult@grightbox=\box59
\mult@firstbox=\box60
\mult@gfirstbox=\box61
\@tempa=\box62
\@tempa=\box63
\@tempa=\box64
\@tempa=\box65
\@tempa=\box66
\@tempa=\box67
\@tempa=\box68
\@tempa=\box69
\@tempa=\box70
\@tempa=\box71
\@tempa=\box72
\@tempa=\box73
\@tempa=\box74
\@tempa=\box75
\@tempa=\box76
\@tempa=\box77
\@tempa=\box78
\@tempa=\box79
\@tempa=\box80
\@tempa=\box81
\@tempa=\box82
\@tempa=\box83
\@tempa=\box84
\@tempa=\box85
\@tempa=\box86
\@tempa=\box87
\@tempa=\box88
\@tempa=\box89
\@tempa=\box90
\@tempa=\box91
\@tempa=\box92
\@tempa=\box93
\@tempa=\box94
\@tempa=\box95
\@tempa=\box96
\@tempa=\box97
\c@minrows=\count284
\c@columnbadness=\count285
\c@finalcolumnbadness=\count286
\last@try=\dimen163
\multicolovershoot=\dimen164
\multicolundershoot=\dimen165
\mult@nat@firstbox=\box98
\colbreak@box=\box99
\mc@col@check@num=\count287
)
(/usr/share/texlive/texmf-dist/tex/latex/graphics/graphicx.sty
Package: graphicx 2021/09/16 v1.2d Enhanced LaTeX Graphics (DPC,SPQR)

(/usr/share/texlive/texmf-dist/tex/latex/graphics/graphics.sty
Package: graphics 2021/03/04 v1.4d Standard LaTeX Graphics (DPC,SPQR)

(/usr/share/texlive/texmf-dist/tex/latex/graphics/trig.sty
Package: trig 2021/08/11 v1.11 sin cos tan (DPC)
)
(/usr/share/texlive/texmf-dist/tex/latex/graphics-cfg/graphics.cfg
File: graphics.cfg 2016/06/04 v1.11 sample graphics configuration
)
Package graphics Info: Driver file: pdftex.def on input line 107.
)
\Gin@req@height=\dimen166
\Gin@req@width=\dimen167
)
(./sphinxlatexgraphics.sty
File: sphinxlatexgraphics.sty 2021/01/27 graphics
\spx@image@maxheight=\dimen168
\spx@image@box=\box100
) (./sphinxpackageboxes.sty
Package: sphinxpackageboxes 2022/07/04 v5.1.0 advanced colored boxes
\spx@tempboxa=\box101
\spx@tempboxb=\box102
\spx@boxes@border=\dimen169
\spx@boxes@border@top=\dimen170
\spx@boxes@border@right=\dimen171
\spx@boxes@border@bottom=\dimen172
\spx@boxes@border@left=\dimen173
\spx@boxes@padding@top=\dimen174
\spx@boxes@padding@right=\dimen175
\spx@boxes@padding@bottom=\dimen176
\spx@boxes@padding@left=\dimen177
\spx@boxes@shadow@xoffset=\dimen178
\spx@boxes@shadow@yoffset=\dimen179
\spx@boxes@radius@topleft=\dimen180
\spx@boxes@radius@topright=\dimen181
\spx@boxes@radius@bottomright=\dimen182
\spx@boxes@radius@bottomleft=\dimen183
)
(./sphinxlatexadmonitions.sty
File: sphinxlatexadmonitions.sty 2022/07/03 admonitions

(/usr/share/texlive/texmf-dist/tex/latex/framed/framed.sty
Package: framed 2011/10/22 v 0.96: framed or shaded text with page breaks
\OuterFrameSep=\skip61
\fb@frw=\dimen184
\fb@frh=\dimen185
\FrameRule=\dimen186
\FrameSep=\dimen187
))
(./sphinxlatexliterals.sty
File: sphinxlatexliterals.sty 2022/07/29 code-blocks and parsed literals

(/usr/share/texlive/texmf-dist/tex/latex/fancyvrb/fancyvrb.sty
Package: fancyvrb 2021/12/21 4.1b verbatim text (tvz,hv)
\FV@CodeLineNo=\count288
\FV@InFile=\read3
\FV@TabBox=\box103
\c@FancyVerbLine=\count289
\FV@StepNumber=\count290
\FV@OutFile=\write3
)
(/usr/share/texlive/texmf-dist/tex/latex/base/alltt.sty
Package: alltt 2021/01/29 v2.0g defines alltt environment
)
(/usr/share/texlive/texmf-dist/tex/latex/upquote/upquote.sty
Package: upquote 2012/04/19 v1.3 upright-quote and grave-accent glyphs in verba
tim
)
(/usr/share/texlive/texmf-dist/tex/latex/needspace/needspace.sty
Package: needspace 2010/09/12 v1.3d reserve vertical space
)
\sphinxcontinuationbox=\box104
\sphinxvisiblespacebox=\box105
\sphinxVerbatim@TitleBox=\box106
\sphinxVerbatim@ContentsBox=\box107
)
(./sphinxlatexshadowbox.sty
File: sphinxlatexshadowbox.sty 2022/07/03 sphinxShadowBox
) (./sphinxlatexcontainers.sty
File: sphinxlatexcontainers.sty 2021/05/03 containers
)
(./sphinxhighlight.sty
Package: sphinxhighlight 2022/06/30 stylesheet for highlighting with pygments
) (./sphinxlatextables.sty
File: sphinxlatextables.sty 2022/08/15 tables

(/usr/share/texlive/texmf-dist/tex/latex/tabulary/tabulary.sty
Package: tabulary 2014/06/11 v0.10 tabulary package (DPC)

(/usr/share/texlive/texmf-dist/tex/latex/tools/array.sty
Package: array 2021/10/04 v2.5f Tabular extension package (FMi)
\col@sep=\dimen188
\ar@mcellbox=\box108
\extrarowheight=\dimen189
\NC@list=\toks27
\extratabsurround=\skip62
\backup@length=\skip63
\ar@cellbox=\box109
)
\TY@count=\count291
\TY@linewidth=\dimen190
\tymin=\dimen191
\tymax=\dimen192
\TY@tablewidth=\dimen193
)
(/usr/share/texlive/texmf-dist/tex/latex/tools/longtable.sty
Package: longtable 2021-09-01 v4.17 Multi-page Table package (DPC)
\LTleft=\skip64
\LTright=\skip65
\LTpre=\skip66
\LTpost=\skip67
\LTchunksize=\count292
\LTcapwidth=\dimen194
\LT@head=\box110
\LT@firsthead=\box111
\LT@foot=\box112
\LT@lastfoot=\box113
\LT@gbox=\box114
\LT@cols=\count293
\LT@rows=\count294
\c@LT@tables=\count295
\c@LT@chunks=\count296
\LT@p@ftn=\toks28
)
(/usr/share/texlive/texmf-dist/tex/latex/varwidth/varwidth.sty
Package: varwidth 2009/03/30 ver 0.92;  Variable-width minipages
\@vwid@box=\box115
\sift@deathcycles=\count297
\@vwid@loff=\dimen195
\@vwid@roff=\dimen196
)
\sphinx@TY@tablewidth=\dimen197

(/usr/share/texlive/texmf-dist/tex/latex/colortbl/colortbl.sty
Package: colortbl 2020/01/04 v1.0e Color table columns (DPC)
\everycr=\toks29
\minrowclearance=\skip68
)
\rownum=\count298
)
(./sphinxlatexnumfig.sty
File: sphinxlatexnumfig.sty 2021/01/27 numbering
) (./sphinxlatexlists.sty
File: sphinxlatexlists.sty 2021/12/20 lists
\spx@lineitemlabel=\toks30
)
\c@sphinxscope=\count299
 (./sphinxpackagefootnote.sty
Package: sphinxpackagefootnote 2022/08/15 v5.3.0 Sphinx custom footnotehyper pa
ckage (Sphinx team)
\FNH@notes=\box116
\FNH@toks=\toks31
\FNH@width=\dimen198
\c@sphinxfootnotemark=\count300
) (./sphinxlatexindbibtoc.sty
File: sphinxlatexindbibtoc.sty 2021/01/27 index, bib., toc

(/usr/share/texlive/texmf-dist/tex/latex/base/makeidx.sty
Package: makeidx 2021/10/04 v1.0m Standard LaTeX package
))
(./sphinxlatexstylepage.sty
File: sphinxlatexstylepage.sty 2021/01/27 page styling

(/usr/share/texlive/texmf-dist/tex/latex/parskip/parskip.sty
Rollback for package 'parskip' requested -> version 'v1'.
         This corresponds to the release introduced on 2001-04-09.

(/usr/share/texlive/texmf-dist/tex/latex/parskip/parskip-2001-04-09.sty
Package: parskip 2001/04/09 non-zero parskip adjustments
))
(/usr/share/texlive/texmf-dist/tex/latex/fancyhdr/fancyhdr.sty
Package: fancyhdr 2021/01/28 v4.0.1 Extensive control of page headers and foote
rs
\f@nch@headwidth=\skip69
\f@nch@O@elh=\skip70
\f@nch@O@erh=\skip71
\f@nch@O@olh=\skip72
\f@nch@O@orh=\skip73
\f@nch@O@elf=\skip74
\f@nch@O@erf=\skip75
\f@nch@O@olf=\skip76
\f@nch@O@orf=\skip77
))
(./sphinxlatexstyleheadings.sty
File: sphinxlatexstyleheadings.sty 2022/08/15 headings

(/usr/share/texlive/texmf-dist/tex/latex/titlesec/titlesec.sty
Package: titlesec 2021/07/05 v2.14 Sectioning titles
\ttl@box=\box117
\beforetitleunit=\skip78
\aftertitleunit=\skip79
\ttl@plus=\dimen199
\ttl@minus=\dimen256
\ttl@toksa=\toks32
\titlewidth=\dimen257
\titlewidthlast=\dimen258
\titlewidthfirst=\dimen259
))
(./sphinxlatexstyletext.sty
File: sphinxlatexstyletext.sty 2022/07/02 text styling
) (./sphinxlatexobjects.sty
File: sphinxlatexobjects.sty 2022/01/13 documentation environments
\sphinxsignaturesep=\skip80
\py@argswidth=\skip81
\lineblockindentation=\skip82
\DUlineblockindent=\skip83
))
(/usr/share/texlive/texmf-dist/tex/latex/geometry/geometry.sty
Package: geometry 2020/01/02 v5.9 Page Geometry

(/usr/share/texlive/texmf-dist/tex/generic/iftex/ifvtex.sty
Package: ifvtex 2019/10/25 v1.7 ifvtex legacy package. Use iftex instead.

(/usr/share/texlive/texmf-dist/tex/generic/iftex/iftex.sty
Package: iftex 2020/03/06 v1.0d TeX engine tests
))
\Gm@cnth=\count301
\Gm@cntv=\count302
\c@Gm@tempcnt=\count303
\Gm@bindingoffset=\dimen260
\Gm@wd@mp=\dimen261
\Gm@odd@mp=\dimen262
\Gm@even@mp=\dimen263
\Gm@layoutwidth=\dimen264
\Gm@layoutheight=\dimen265
\Gm@layouthoffset=\dimen266
\Gm@layoutvoffset=\dimen267
\Gm@dimlist=\toks33
)
(/usr/share/texlive/texmf-dist/tex/latex/hyperref/hyperref.sty
Package: hyperref 2021-06-07 v7.00m Hypertext links for LaTeX

(/usr/share/texlive/texmf-dist/tex/generic/pdftexcmds/pdftexcmds.sty
Package: pdftexcmds 2020-06-27 v0.33 Utility functions of pdfTeX for LuaTeX (HO
)

(/usr/share/texlive/texmf-dist/tex/generic/infwarerr/infwarerr.sty
Package: infwarerr 2019/12/03 v1.5 Providing info/warning/error messages (HO)
)
Package pdftexcmds Info: \pdf@primitive is available.
Package pdftexcmds Info: \pdf@ifprimitive is available.
Package pdftexcmds Info: \pdfdraftmode found.
)
(/usr/share/texlive/texmf-dist/tex/generic/kvdefinekeys/kvdefinekeys.sty
Package: kvdefinekeys 2019-12-19 v1.6 Define keys (HO)
)
(/usr/share/texlive/texmf-dist/tex/generic/pdfescape/pdfescape.sty
Package: pdfescape 2019/12/09 v1.15 Implements pdfTeX's escape features (HO)
)
(/usr/share/texlive/texmf-dist/tex/latex/hycolor/hycolor.sty
Package: hycolor 2020-01-27 v1.10 Color options for hyperref/bookmark (HO)
)
(/usr/share/texlive/texmf-dist/tex/latex/letltxmacro/letltxmacro.sty
Package: letltxmacro 2019/12/03 v1.6 Let assignment for LaTeX macros (HO)
)
(/usr/share/texlive/texmf-dist/tex/latex/auxhook/auxhook.sty
Package: auxhook 2019-12-17 v1.6 Hooks for auxiliary files (HO)
)
\@linkdim=\dimen268
\Hy@linkcounter=\count304
\Hy@pagecounter=\count305

(/usr/share/texlive/texmf-dist/tex/latex/hyperref/pd1enc.def
File: pd1enc.def 2021-06-07 v7.00m Hyperref: PDFDocEncoding definition (HO)
Now handling font encoding PD1 ...
... no UTF-8 mapping file for font encoding PD1
)
(/usr/share/texlive/texmf-dist/tex/latex/hyperref/hyperref-langpatches.def
File: hyperref-langpatches.def 2021-06-07 v7.00m Hyperref: patches for babel la
nguages
)
(/usr/share/texlive/texmf-dist/tex/generic/intcalc/intcalc.sty
Package: intcalc 2019/12/15 v1.3 Expandable calculations with integers (HO)
)
(/usr/share/texlive/texmf-dist/tex/generic/etexcmds/etexcmds.sty
Package: etexcmds 2019/12/15 v1.7 Avoid name clashes with e-TeX commands (HO)
)
\Hy@SavedSpaceFactor=\count306

(/usr/share/texlive/texmf-dist/tex/latex/hyperref/puenc.def
File: puenc.def 2021-06-07 v7.00m Hyperref: PDF Unicode definition (HO)
Now handling font encoding PU ...
... no UTF-8 mapping file for font encoding PU
)
Package hyperref Info: Option `unicode' set `true' on input line 4073.
Package hyperref Info: Option `colorlinks' set `true' on input line 4073.
Package hyperref Info: Option `breaklinks' set `true' on input line 4073.
Package hyperref Info: Hyper figures OFF on input line 4192.
Package hyperref Info: Link nesting OFF on input line 4197.
Package hyperref Info: Hyper index ON on input line 4200.
Package hyperref Info: Plain pages OFF on input line 4207.
Package hyperref Info: Backreferencing OFF on input line 4212.
Package hyperref Info: Implicit mode ON; LaTeX internals redefined.
Package hyperref Info: Bookmarks ON on input line 4445.
\c@Hy@tempcnt=\count307

(/usr/share/texlive/texmf-dist/tex/latex/url/url.sty
\Urlmuskip=\muskip17
Package: url 2013/09/16  ver 3.4  Verb mode for urls, etc.
)
LaTeX Info: Redefining \url on input line 4804.
\XeTeXLinkMargin=\dimen269

(/usr/share/texlive/texmf-dist/tex/generic/bitset/bitset.sty
Package: bitset 2019/12/09 v1.3 Handle bit-vector datatype (HO)

(/usr/share/texlive/texmf-dist/tex/generic/bigintcalc/bigintcalc.sty
Package: bigintcalc 2019/12/15 v1.5 Expandable calculations on big integers (HO
)
))
\Fld@menulength=\count308
\Field@Width=\dimen270
\Fld@charsize=\dimen271
Package hyperref Info: Hyper figures OFF on input line 6076.
Package hyperref Info: Link nesting OFF on input line 6081.
Package hyperref Info: Hyper index ON on input line 6084.
Package hyperref Info: backreferencing OFF on input line 6091.
Package hyperref Info: Link coloring ON on input line 6094.
Package hyperref Info: Link coloring with OCG OFF on input line 6101.
Package hyperref Info: PDF/A mode OFF on input line 6106.
LaTeX Info: Redefining \ref on input line 6146.
LaTeX Info: Redefining \pageref on input line 6150.

(/usr/share/texlive/texmf-dist/tex/latex/base/atbegshi-ltx.sty
Package: atbegshi-ltx 2021/01/10 v1.0c Emulation of the original atbegshi
package with kernel methods
)
\Hy@abspage=\count309
\c@Item=\count310
\c@Hfootnote=\count311
)
Package hyperref Info: Driver (autodetected): hpdftex.

(/usr/share/texlive/texmf-dist/tex/latex/hyperref/hpdftex.def
File: hpdftex.def 2021-06-07 v7.00m Hyperref driver for pdfTeX

(/usr/share/texlive/texmf-dist/tex/latex/base/atveryend-ltx.sty
Package: atveryend-ltx 2020/08/19 v1.0a Emulation of the original atveryend pac
kage
with kernel methods
)
\Fld@listcount=\count312
\c@bookmark@seq@number=\count313

(/usr/share/texlive/texmf-dist/tex/latex/rerunfilecheck/rerunfilecheck.sty
Package: rerunfilecheck 2019/12/05 v1.9 Rerun checks for auxiliary files (HO)

(/usr/share/texlive/texmf-dist/tex/generic/uniquecounter/uniquecounter.sty
Package: uniquecounter 2019/12/15 v1.4 Provide unlimited unique counter (HO)
)
Package uniquecounter Info: New unique counter `rerunfilecheck' on input line 2
86.
)
\Hy@SectionHShift=\skip84
)
(/usr/share/texlive/texmf-dist/tex/latex/oberdiek/hypcap.sty
Package: hypcap 2016/05/16 v1.12 Adjusting the anchors of captions (HO)
)
(./sphinxmessages.sty
Package: sphinxmessages 2019/01/04 v2.0 Localized LaTeX macros (Sphinx team)
)
\@indexfile=\write4
\openout4 = `toulbar2.idx'.


Writing index file toulbar2.idx
LaTeX Font Info:    Trying to load font information for T1+qtm on input line 70
.
(/usr/share/texmf/tex/latex/tex-gyre/t1qtm.fd
File: t1qtm.fd 2009/09/25 v1.2 font definition file for T1/qtm
)
(/usr/share/texlive/texmf-dist/tex/latex/l3backend/l3backend-pdftex.def
File: l3backend-pdftex.def 2022-01-12 L3 backend support: PDF output (pdfTeX)
\l__color_backend_stack_int=\count314
\l__pdf_internal_box=\box118
)
(./toulbar2.aux)
\openout1 = `toulbar2.aux'.

LaTeX Font Info:    Checking defaults for OML/cmm/m/it on input line 70.
LaTeX Font Info:    ... okay on input line 70.
LaTeX Font Info:    Checking defaults for OMS/cmsy/m/n on input line 70.
LaTeX Font Info:    ... okay on input line 70.
LaTeX Font Info:    Checking defaults for OT1/cmr/m/n on input line 70.
LaTeX Font Info:    ... okay on input line 70.
LaTeX Font Info:    Checking defaults for T1/cmr/m/n on input line 70.
LaTeX Font Info:    ... okay on input line 70.
LaTeX Font Info:    Checking defaults for TS1/cmr/m/n on input line 70.
LaTeX Font Info:    ... okay on input line 70.
LaTeX Font Info:    Checking defaults for OMX/cmex/m/n on input line 70.
LaTeX Font Info:    ... okay on input line 70.
LaTeX Font Info:    Checking defaults for U/cmr/m/n on input line 70.
LaTeX Font Info:    ... okay on input line 70.
LaTeX Font Info:    Checking defaults for PD1/pdf/m/n on input line 70.
LaTeX Font Info:    ... okay on input line 70.
LaTeX Font Info:    Checking defaults for PU/pdf/m/n on input line 70.
LaTeX Font Info:    ... okay on input line 70.

(/usr/share/texlive/texmf-dist/tex/context/base/mkii/supp-pdf.mkii
[Loading MPS to PDF converter (version 2006.09.02).]
\scratchcounter=\count315
\scratchdimen=\dimen272
\scratchbox=\box119
\nofMPsegments=\count316
\nofMParguments=\count317
\everyMPshowfont=\toks34
\MPscratchCnt=\count318
\MPscratchDim=\dimen273
\MPnumerator=\count319
\makeMPintoPDFobject=\count320
\everyMPtoPDFconversion=\toks35
) (/usr/share/texlive/texmf-dist/tex/latex/epstopdf-pkg/epstopdf-base.sty
Package: epstopdf-base 2020-01-24 v2.11 Base part for package epstopdf
Package epstopdf-base Info: Redefining graphics rule for `.eps' on input line 4
85.

(/usr/share/texlive/texmf-dist/tex/latex/latexconfig/epstopdf-sys.cfg
File: epstopdf-sys.cfg 2010/07/13 v1.3 Configuration of (r)epstopdf for TeX Liv
e
))
\c@literalblock=\count321

*geometry* driver: auto-detecting
*geometry* detected driver: pdftex
*geometry* verbose mode - [ preamble ] result:
* driver: pdftex
* paper: letterpaper
* layout: <same size as paper>
* layoutoffset:(h,v)=(0.0pt,0.0pt)
* modes: 
* h-part:(L,W,R)=(72.26999pt, 469.75502pt, 72.26999pt)
* v-part:(T,H,B)=(72.26999pt, 650.43001pt, 72.26999pt)
* \paperwidth=614.295pt
* \paperheight=794.96999pt
* \textwidth=469.75502pt
* \textheight=650.43001pt
* \oddsidemargin=0.0pt
* \evensidemargin=0.0pt
* \topmargin=-37.0pt
* \headheight=12.0pt
* \headsep=25.0pt
* \topskip=10.0pt
* \footskip=30.0pt
* \marginparwidth=36.135pt
* \marginparsep=11.0pt
* \columnsep=10.0pt
* \skip\footins=9.0pt plus 4.0pt minus 2.0pt
* \hoffset=0.0pt
* \voffset=0.0pt
* \mag=1000
* \@twocolumnfalse
* \@twosidefalse
* \@mparswitchfalse
* \@reversemarginfalse
* (1in=72.27pt=25.4mm, 1cm=28.453pt)

Package hyperref Info: Link coloring ON on input line 70.
(/usr/share/texlive/texmf-dist/tex/latex/hyperref/nameref.sty
Package: nameref 2021-04-02 v2.47 Cross-referencing by name of section

(/usr/share/texlive/texmf-dist/tex/latex/refcount/refcount.sty
Package: refcount 2019/12/15 v3.6 Data extraction from label references (HO)
)
(/usr/share/texlive/texmf-dist/tex/generic/gettitlestring/gettitlestring.sty
Package: gettitlestring 2019/12/15 v1.6 Cleanup title references (HO)
)
\c@section@level=\count322
)
LaTeX Info: Redefining \ref on input line 70.
LaTeX Info: Redefining \pageref on input line 70.
LaTeX Info: Redefining \nameref on input line 70.

(./toulbar2.out) (./toulbar2.out)
\@outlinefile=\write5
\openout5 = `toulbar2.out'.

Package hyperref Info: Option `pageanchor' set `false' on input line 78.
LaTeX Font Info:    Trying to load font information for T1+qhv on input line 78
.
 (/usr/share/texmf/tex/latex/tex-gyre/t1qhv.fd
File: t1qhv.fd 2009/09/25 v1.2 font definition file for T1/qhv
)<<ot1.cmap>><<oml.cmap>><<oms.cmap>><<omx.cmap>>
LaTeX Font Info:    Trying to load font information for U+msa on input line 78.


(/usr/share/texlive/texmf-dist/tex/latex/amsfonts/umsa.fd
File: umsa.fd 2013/01/14 v3.01 AMS symbols A
)
LaTeX Font Info:    Trying to load font information for U+msb on input line 78.


(/usr/share/texlive/texmf-dist/tex/latex/amsfonts/umsb.fd
File: umsb.fd 2013/01/14 v3.01 AMS symbols B
) [1

{/var/lib/texmf/fonts/map/pdftex/updmap/pdftex.map}] (./toulbar2.toc [1



] [2] [3])
\tf@toc=\write6
\openout6 = `toulbar2.toc'.

 [4]
Chapter 1.
[1


]
Chapter 2.
LaTeX Font Info:    Trying to load font information for TS1+qtm on input line 1
16.
(/usr/share/texmf/tex/latex/tex-gyre/ts1qtm.fd
File: ts1qtm.fd 2009/09/25 v1.2 font definition file for TS1/qtm
) [2

]
Chapter 3.
[3

]
Chapter 4.
[4

]
Chapter 5.
LaTeX Font Info:    Trying to load font information for T1+txtt on input line 1
90.
(/usr/share/texlive/texmf-dist/tex/latex/txfonts/t1txtt.fd
File: t1txtt.fd 2000/12/15 v3.1
)
LaTeX Font Info:    Font shape `T1/txtt/b/n' in size <10> not available
(Font)              Font shape `T1/txtt/bx/n' tried instead on input line 195.
 [5

]
Chapter 6.
<logo-github.png, id=888, 168.63pt x 168.63pt>
File: logo-github.png Graphic file (type png)
<use logo-github.png>
Package pdftex.def Info: logo-github.png  used on input line 2.
(pdftex.def)             Requested size: 22.58423pt x 22.58394pt.
[6

 <./logo-github.png>] [7]
Chapter 7.
[8

]
Chapter 8.
<logo-colab.png, id=934, 168.63pt x 168.63pt>
File: logo-colab.png Graphic file (type png)
<use logo-colab.png>
Package pdftex.def Info: logo-colab.png  used on input line 400.
(pdftex.def)             Requested size: 22.58423pt x 22.58394pt.
[9

 <./logo-colab.png>]
Chapter 9.
File: logo-colab.png Graphic file (type png)
<use logo-colab.png>
Package pdftex.def Info: logo-colab.png  used on input line 428.
(pdftex.def)             Requested size: 22.58423pt x 22.58394pt.
<logo-ws_ui-vsudoku.png, id=943, 633.86812pt x 601.4972pt>
File: logo-ws_ui-vsudoku.png Graphic file (type png)
<use logo-ws_ui-vsudoku.png>
Package pdftex.def Info: logo-ws_ui-vsudoku.png  used on input line 432.
(pdftex.def)             Requested size: 22.58423pt x 21.43085pt.
<logo-apk_visualsudokuapp.png, id=945, 264.99pt x 379.4175pt>
File: logo-apk_visualsudokuapp.png Graphic file (type png)
<use logo-apk_visualsudokuapp.png>
Package pdftex.def Info: logo-apk_visualsudokuapp.png  used on input line 432.
(pdftex.def)             Requested size: 15.05615pt x 21.55406pt.
File: logo-ws_ui-vsudoku.png Graphic file (type png)
<use logo-ws_ui-vsudoku.png>
Package pdftex.def Info: logo-ws_ui-vsudoku.png  used on input line 452.
(pdftex.def)             Requested size: 22.58423pt x 21.43085pt.
File: logo-apk_visualsudokuapp.png Graphic file (type png)
<use logo-apk_visualsudokuapp.png>
Package pdftex.def Info: logo-apk_visualsudokuapp.png  used on input line 452.
(pdftex.def)             Requested size: 15.05615pt x 21.55406pt.
[10

 <./logo-ws_ui-vsudoku.png> <./logo-apk_visualsudokuapp.png>]
Chapter 10.
<queen4_details.png, id=958, 755.07094pt x 610.53094pt>
File: queen4_details.png Graphic file (type png)
<use queen4_details.png>
Package pdftex.def Info: queen4_details.png  used on input line 495.
(pdftex.def)             Requested size: 188.2019pt x 152.17587pt.
[11

 <./queen4_details.png>]
<queen4.png, id=967, 327.624pt x 231.264pt>
File: queen4.png Graphic file (type png)
<use queen4.png>
Package pdftex.def Info: queen4.png  used on input line 534.
(pdftex.def)             Requested size: 266.63376pt x 188.2019pt.
 [12 <./queen4.png (PNG copy)>]
LaTeX Font Info:    Trying to load font information for TS1+txtt on input line 
558.

(/usr/share/texlive/texmf-dist/tex/latex/txfonts/ts1txtt.fd
File: ts1txtt.fd 2000/12/15 v3.1
)
LaTeX Font Info:    Font shape `T1/txtt/m/it' in size <10> not available
(Font)              Font shape `T1/txtt/m/sl' tried instead on input line 563.
LaTeX Font Info:    Font shape `TS1/txtt/m/it' in size <10> not available
(Font)              Font shape `TS1/txtt/m/sl' tried instead on input line 601.

 [13] [14]
<latin4.png, id=984, 263.0628pt x 209.1012pt>
File: latin4.png Graphic file (type png)
<use latin4.png>
Package pdftex.def Info: latin4.png  used on input line 676.
(pdftex.def)             Requested size: 236.77438pt x 188.2019pt.
 [15 <./latin4.png>] [16] [17]
Underfull \vbox (badness 10000) detected at line 882
 []


Underfull \vbox (badness 10000) detected at line 882
 []

[18] [19]
<fapp.png, id=1010, 486.618pt x 141.6492pt>
File: fapp.png Graphic file (type png)
<use fapp.png>
Package pdftex.def Info: fapp.png  used on input line 924.
(pdftex.def)             Requested size: 469.77649pt x 136.74031pt.
 [20 <./fapp.png>] [21]
Underfull \vbox (badness 10000) detected at line 1087
 []


Underfull \vbox (badness 10000) detected at line 1087
 []

[22] [23]
Overfull \hbox (81.49338pt too wide) in paragraph at lines 1184--1184
[]|[][][][][][][][][][]\T1/txtt/m/n/10 ListConstraintsMendelLaw[]. 
 []

[24]
Underfull \vbox (badness 10000) detected at line 1212
 []


Underfull \vbox (badness 10000) detected at line 1212
 []

[25]
<graph.png, id=1044, 192.72pt x 258.9675pt>
File: graph.png Graphic file (type png)
<use graph.png>
Package pdftex.def Info: graph.png  used on input line 1233.
(pdftex.def)             Requested size: 112.05115pt x 150.56152pt.
<matrix.png, id=1045, 109.40875pt x 78.2925pt>
File: matrix.png Graphic file (type png)
<use matrix.png>
Package pdftex.def Info: matrix.png  used on input line 1238.
(pdftex.def)             Requested size: 105.20314pt x 75.28076pt.
 [26 <./graph.png>]
<graph2.png, id=1052, 187.70125pt x 59.22125pt>
File: graph2.png Graphic file (type png)
<use graph2.png>
Package pdftex.def Info: graph2.png  used on input line 1243.
(pdftex.def)             Requested size: 178.95673pt x 56.46057pt.
<matrix2.png, id=1053, 52.195pt x 45.16875pt>
File: matrix2.png Graphic file (type png)
<use matrix2.png>
Package pdftex.def Info: matrix2.png  used on input line 1248.
(pdftex.def)             Requested size: 43.49545pt x 37.64038pt.
<graph3.png, id=1054, 189.70876pt x 282.05376pt>
File: graph3.png Graphic file (type png)
<use graph3.png>
Package pdftex.def Info: graph3.png  used on input line 1253.
(pdftex.def)             Requested size: 101.26883pt x 150.56152pt.
 [27 <./matrix.png> <./graph2.png> <./matrix2.png> <./graph3.png>]
<simple.png, id=1065, 285.2256pt x 132.9768pt>
File: simple.png Graphic file (type png)
<use simple.png>
Package pdftex.def Info: simple.png  used on input line 1280.
(pdftex.def)             Requested size: 403.70009pt x 188.2019pt.
<SBM.png, id=1067, 369.0588pt x 174.4116pt>
File: SBM.png Graphic file (type png)
<use SBM.png>
Package pdftex.def Info: SBM.png  used on input line 1285.
(pdftex.def)             Requested size: 398.24532pt x 188.2019pt.

Overfull \vbox (2.6802pt too high) detected at line 1394
 []

[28 <./simple.png> <./SBM.png>]
Underfull \vbox (badness 10000) detected at line 1394
 []


Underfull \vbox (badness 10000) detected at line 1394
 []

[29] [30]
Overfull \vbox (1.69409pt too high) detected at line 1513
 []

[31] [32]
Overfull \vbox (1.69409pt too high) detected at line 1635
 []

[33] [34]
<square.png, id=1109, 213.9192pt x 213.9192pt>
File: square.png Graphic file (type png)
<use square.png>
Package pdftex.def Info: square.png  used on input line 1656.
(pdftex.def)             Requested size: 188.2103pt x 188.2019pt.
 [35 <./square.png>]
Underfull \vbox (badness 10000) detected at line 1758
 []


Underfull \vbox (badness 10000) detected at line 1758
 []

[36] [37]
Underfull \vbox (badness 10000) detected at line 1843
 []


Underfull \vbox (badness 10000) detected at line 1843
 []

[38] [39]
Underfull \vbox (badness 10000) detected at line 1953
 []


Underfull \vbox (badness 10000) detected at line 1953
 []

[40] [41]
Underfull \vbox (badness 10000) detected at line 2041
 []


Underfull \vbox (badness 10000) detected at line 2041
 []

[42]
<gruler1.png, id=1145, 138.5175pt x 72.77188pt>
File: gruler1.png Graphic file (type png)
<use gruler1.png>
Package pdftex.def Info: gruler1.png  used on input line 2059.
(pdftex.def)             Requested size: 138.51715pt x 72.77168pt.
<gruler2.png, id=1146, 138.5175pt x 38.1425pt>
File: gruler2.png Graphic file (type png)
<use gruler2.png>
Package pdftex.def Info: gruler2.png  used on input line 2064.
(pdftex.def)             Requested size: 138.51715pt x 38.1424pt.
 [43 <./gruler1.png> <./gruler2.png>] [44]
<tchess.png, id=1156, 210.03468pt x 167.12437pt>
File: tchess.png Graphic file (type png)
<use tchess.png>
Package pdftex.def Info: tchess.png  used on input line 2153.
(pdftex.def)             Requested size: 210.03416pt x 167.12395pt.
<fchess.png, id=1157, 210.03468pt x 167.12437pt>
File: fchess.png Graphic file (type png)
<use fchess.png>
Package pdftex.def Info: fchess.png  used on input line 2158.
(pdftex.def)             Requested size: 210.03416pt x 167.12395pt.
 [45 <./tchess.png> <./fchess.png>] [46]
File: logo-github.png Graphic file (type png)
<use logo-github.png>
Package pdftex.def Info: logo-github.png  used on input line 2.
(pdftex.def)             Requested size: 22.58423pt x 22.58394pt.
File: logo-github.png Graphic file (type png)
<use logo-github.png>
Package pdftex.def Info: logo-github.png  used on input line 2.
(pdftex.def)             Requested size: 22.58423pt x 22.58394pt.
 [47]
File: logo-github.png Graphic file (type png)
<use logo-github.png>
Package pdftex.def Info: logo-github.png  used on input line 2.
(pdftex.def)             Requested size: 22.58423pt x 22.58394pt.
File: logo-github.png Graphic file (type png)
<use logo-github.png>
Package pdftex.def Info: logo-github.png  used on input line 2.
(pdftex.def)             Requested size: 22.58423pt x 22.58394pt.
File: logo-colab.png Graphic file (type png)
<use logo-colab.png>
Package pdftex.def Info: logo-colab.png  used on input line 2.
(pdftex.def)             Requested size: 22.58423pt x 22.58394pt.
File: logo-github.png Graphic file (type png)
<use logo-github.png>
Package pdftex.def Info: logo-github.png  used on input line 2.
(pdftex.def)             Requested size: 22.58423pt x 22.58394pt.
 [48]
<apk_main_menu.png, id=1193, 264.99pt x 377.91188pt>
File: apk_main_menu.png Graphic file (type png)
<use apk_main_menu.png>
Package pdftex.def Info: apk_main_menu.png  used on input line 2388.
(pdftex.def)             Requested size: 112.92114pt x 161.04002pt.
<apk_grid_screen.png, id=1194, 264.99pt x 379.4175pt>
File: apk_grid_screen.png Graphic file (type png)
<use apk_grid_screen.png>
Package pdftex.def Info: apk_grid_screen.png  used on input line 2388.
(pdftex.def)             Requested size: 112.92114pt x 161.68161pt.
<apk_solution_grid.png, id=1195, 264.23718pt x 374.90062pt>
File: apk_solution_grid.png Graphic file (type png)
<use apk_solution_grid.png>
Package pdftex.def Info: apk_solution_grid.png  used on input line 2388.
(pdftex.def)             Requested size: 112.92114pt x 160.20876pt.
File: logo-ws_ui-vsudoku.png Graphic file (type png)
<use logo-ws_ui-vsudoku.png>
Package pdftex.def Info: logo-ws_ui-vsudoku.png  used on input line 2421.
(pdftex.def)             Requested size: 150.56152pt x 142.86624pt.
<qr-code_ui-vsudoku.png, id=1198, 1714.15407pt x 1714.15407pt>
File: qr-code_ui-vsudoku.png Graphic file (type png)
<use qr-code_ui-vsudoku.png>
Package pdftex.def Info: qr-code_ui-vsudoku.png  used on input line 2.
(pdftex.def)             Requested size: 75.28076pt x 75.27654pt.
 [49 <./apk_main_menu.png> <./apk_grid_screen.png> <./apk_solution_grid.png> <.
/qr-code_ui-vsudoku.png>]
File: logo-github.png Graphic file (type png)
<use logo-github.png>
Package pdftex.def Info: logo-github.png  used on input line 2.
(pdftex.def)             Requested size: 22.58423pt x 22.58394pt.
<qr-code_visualsudokuapk.png, id=1216, 846.91406pt x 846.91406pt>
File: qr-code_visualsudokuapk.png Graphic file (type png)
<use qr-code_visualsudokuapk.png>
Package pdftex.def Info: qr-code_visualsudokuapk.png  used on input line 2.
(pdftex.def)             Requested size: 75.28076pt x 75.2756pt.
 [50 <./qr-code_visualsudokuapk.png>]
File: apk_main_menu.png Graphic file (type png)
<use apk_main_menu.png>
Package pdftex.def Info: apk_main_menu.png  used on input line 2568.
(pdftex.def)             Requested size: 112.92114pt x 161.04002pt.
File: apk_grid_screen.png Graphic file (type png)
<use apk_grid_screen.png>
Package pdftex.def Info: apk_grid_screen.png  used on input line 2568.
(pdftex.def)             Requested size: 112.92114pt x 161.68161pt.
File: apk_solution_grid.png Graphic file (type png)
<use apk_solution_grid.png>
Package pdftex.def Info: apk_solution_grid.png  used on input line 2568.
(pdftex.def)             Requested size: 112.92114pt x 160.20876pt.

Underfull \hbox (badness 10000) in paragraph at lines 2567--2569
[]\T1/qtm/m/n/10 Fig.1 [] Fig.2 [] Fig.3
 []

[51]
<logo-ws_ui-sudoku.png, id=1230, 377.15906pt x 411.78844pt>
File: logo-ws_ui-sudoku.png Graphic file (type png)
<use logo-ws_ui-sudoku.png>
Package pdftex.def Info: logo-ws_ui-sudoku.png  used on input line 2635.
(pdftex.def)             Requested size: 150.56152pt x 164.38571pt.
<qr-code_ui-sudoku.png, id=1232, 1714.15407pt x 1714.15407pt>
File: qr-code_ui-sudoku.png Graphic file (type png)
<use qr-code_ui-sudoku.png>
Package pdftex.def Info: qr-code_ui-sudoku.png  used on input line 2.
(pdftex.def)             Requested size: 75.28076pt x 75.27654pt.
<logo-ws_ui-sudoku-tut.png, id=1234, 377.91188pt x 414.04688pt>
File: logo-ws_ui-sudoku-tut.png Graphic file (type png)
<use logo-ws_ui-sudoku-tut.png>
Package pdftex.def Info: logo-ws_ui-sudoku-tut.png  used on input line 2645.
(pdftex.def)             Requested size: 150.56152pt x 164.95876pt.
<qr-code_ui-sudoku-tut.png, id=1236, 1714.15407pt x 1714.15407pt>
File: qr-code_ui-sudoku-tut.png Graphic file (type png)
<use qr-code_ui-sudoku-tut.png>
Package pdftex.def Info: qr-code_ui-sudoku-tut.png  used on input line 2.
(pdftex.def)             Requested size: 75.28076pt x 75.27654pt.
 [52 <./logo-ws_ui-sudoku.png> <./qr-code_ui-sudoku.png>] [53 <./logo-ws_ui-sud
oku-tut.png> <./qr-code_ui-sudoku-tut.png>]
Chapter 11.
[54

] [55] [56] [57]
Underfull \vbox (badness 10000) detected at line 3014
 []

[58] [59] [60]
Underfull \vbox (badness 10000) detected at line 3163
 []

[61] [62] [63] [64] [65] [66] [67]
Overfull \vbox (3.52193pt too high) detected at line 3548
 []

[68] [69] [70] [71]
Underfull \vbox (badness 10000) detected at line 3826
 []


Underfull \vbox (badness 10000) detected at line 3826
 []

[72]
Underfull \vbox (badness 10000) detected at line 3826
 []


Underfull \vbox (badness 10000) detected at line 3826
 []

[73] [74] [75] [76]
Underfull \hbox (badness 5475) in paragraph at lines 4005--4008
[]\T1/qtm/m/n/10 au-to-mat-i-cally de-tects at-most-one con-straints and adds t
hem to ex-ist-ing
 []

[77] [78] [79]
Underfull \hbox (badness 7486) in paragraph at lines 4258--4264
[]\T1/qtm/m/n/10 uni-fied de-com-po-si-tion guided vari-able neigh-bor-hood sea
rch [[]]
 []

[80] [81] [82] [83] [84] [85] [86] [87]
Underfull \hbox (badness 10000) in paragraph at lines 5040--5042
[]\T1/txtt/m/n/10 "sgcc" \T1/qtm/m/n/10 with pa-ram-e-ters ar-ray \T1/txtt/m/n/
10 [metric:"var"|"dec"|"wdec" cost: cost bounds: [[value
 []

[88]
Underfull \hbox (badness 10000) in paragraph at lines 5112--5114
[]\T1/txtt/m/n/10 "sregulardp" \T1/qtm/m/n/10 with pa-ram-e-ters ar-ray \T1/txt
t/m/n/10 [metric: "var" cost: cost nb_states: nb_states
 []


Underfull \hbox (badness 10000) in paragraph at lines 5112--5114
\T1/txtt/m/n/10 starts: [(state)*] ends: [(state)*] transitions: [(start_state 
value_index
 []


Underfull \hbox (badness 10000) in paragraph at lines 5122--5124
[]\T1/txtt/m/n/10 "sgrammar"|"sgrammardp" \T1/qtm/m/n/10 with pa-ram-e-ters ar-
ray \T1/txtt/m/n/10 [metric: "var"|"weight" cost:
 []


Underfull \hbox (badness 10000) in paragraph at lines 5122--5124
\T1/txtt/m/n/10 cost nb_symbols: nb_symbols nb_values: nb_values start: start_s
ymbol
 []


Underfull \hbox (badness 10000) in paragraph at lines 5122--5124
\T1/txtt/m/n/10 terminals: [(terminal_symbol value (cost)?)*] non_terminals: [(
nonterminal_in
 []

[89]
Underfull \hbox (badness 10000) in paragraph at lines 5211--5213
[]\T1/txtt/m/n/10 "max|smaxdp" \T1/qtm/m/n/10 with pa-ram-e-ters ar-ray \T1/txt
t/m/n/10 [defaultcost: defcost tuples: [(variable value
 []

[90]
Underfull \hbox (badness 10000) in paragraph at lines 5294--5296
[]\T1/txtt/m/n/10 "wgcc" \T1/qtm/m/n/10 with pa-ram-e-ters met-ric: \T1/txtt/m/
n/10 hard|lin|quad cost: cost bounds: [[value lower_bound
 []

[91]
Underfull \hbox (badness 10000) in paragraph at lines 5335--5337
[]\T1/txtt/m/n/10 "wsamegcc" \T1/qtm/m/n/10 with pa-ram-e-ters ar-ray \T1/txtt/
m/n/10 metric: hard|lin|quad cost: cost bounds: [[value
 []


Underfull \hbox (badness 10000) in paragraph at lines 5356--5358
[]\T1/txtt/m/n/10 "wamong" \T1/qtm/m/n/10 with pa-ram-e-ters \T1/txtt/m/n/10 me
tric: hard|lin|quad cost: cost values: [(value)*] min:
 []

[92]
Underfull \hbox (badness 10000) in paragraph at lines 5421--5423
[]\T1/txtt/m/n/10 "wsum" \T1/qtm/m/n/10 pa-ram-e-ters \T1/txtt/m/n/10 metric: h
ard|lin|quad cost: cost comparator: comparator to:
 []

[93] [94] [95]
Underfull \hbox (badness 10000) in paragraph at lines 5683--5685
[]\T1/qtm/m/n/10 sgcc var|dec|wdec \T1/qtm/m/it/10 cost nb_values \T1/qtm/m/n/1
0 (\T1/qtm/m/it/10 value lower_bound up-per_bound \T1/qtm/m/n/10 (\T1/qtm/m/it/
10 short-age_weight ex-
 []

[96]
Underfull \hbox (badness 5388) in paragraph at lines 5710--5712
\T1/qtm/m/it/10 mi-nal_symbol value\T1/qtm/m/n/10 )|(1 \T1/qtm/m/it/10 non-ter-
mi-nal_in non-ter-mi-nal_out_left non-ter-mi-nal_out_right\T1/qtm/m/n/10 )|(2 \
T1/qtm/m/it/10 ter-mi-
 []

[97]
Underfull \hbox (badness 10000) in paragraph at lines 5840--5842
[]\T1/qtm/m/n/10 Note More about network-based global cost func-tions can be fo
und on
 []

[98] [99] [100] [101] [102] [103] [104] [105] [106] [107] [108]
Chapter 12.
[109

] [110] [111] [112]

LaTeX Warning: Hyper reference `ref/ref_cpp:classWeightedCSP_1a31a9384d3dabf538
8fe610710f2f19e0' on page 113 undefined on input line 6986.


LaTeX Warning: Hyper reference `ref/ref_cpp:classWeightedCSPSolver_1af481cf37ff
94238ab1e15bff34026209' on page 113 undefined on input line 7001.


LaTeX Warning: Hyper reference `ref/ref_cpp:classWeightedCSPSolver_1a94898d20bf
f27abdb156ed2e248a8004' on page 113 undefined on input line 7001.


LaTeX Warning: Hyper reference `ref/ref_cpp:classWeightedCSPSolver_1ab1f9d2c018
bf050a6b010680a2008171' on page 113 undefined on input line 7001.

[113] [114] [115]
Underfull \vbox (badness 10000) detected at line 7231
 []


Underfull \vbox (badness 10000) detected at line 7231
 []

[116]
Underfull \vbox (badness 10000) detected at line 7231
 []


Underfull \vbox (badness 10000) detected at line 7231
 []

[117]
Underfull \hbox (badness 10000) in paragraph at lines 7261--7263
[]\T1/qtm/m/n/10 (level=2) shows also cur-rent do-mains (\T1/qtm/m/it/10 vari-a
ble_index list_of_current_domain_values \T1/qtm/m/n/10 ^^P/^^Q \T1/qtm/m/it/10 
num-
 []


Underfull \hbox (badness 10000) in paragraph at lines 7261--7263
\T1/qtm/m/it/10 ber_of_cost_functions \T1/qtm/m/n/10 (see ap-prox-i-mate de-gre
e in [][]\T1/qtm/m/it/10 Vari-able elim-i-na-tion[][]\T1/qtm/m/n/10 ) ^^P/^^Q \
T1/qtm/m/it/10 weighted_degree
 []

[118] [119] [120] [121] [122]
Chapter 13.
[123

]
Chapter 14.
[124

] [125] [126] [127] [128] [129


] (./toulbar2.ind) [130] (./toulbar2.aux)

LaTeX Warning: There were undefined references.

Package rerunfilecheck Info: File `toulbar2.out' has not changed.
(rerunfilecheck)             Checksum: 0BE2ACBE45A1CB58957B7ED33DF5C691;28307.
 ) 
Here is how much of TeX's memory you used:
 16328 strings out of 478287
 272287 string characters out of 5849289
 808450 words of memory out of 5000000
 33738 multiletter control sequences out of 15000+600000
 526675 words of font info for 75 fonts, out of 8000000 for 9000
 1142 hyphenation exceptions out of 8191
 70i,12n,76p,1844b,690s stack positions out of 5000i,500n,10000p,200000b,80000s
{/usr/share/texlive/texmf-dist/fonts/enc/dvips/base/8r.enc}{/usr/share/texmf/
fonts/enc/dvips/tex-gyre/q-ts1.enc}{/usr/share/texmf/fonts/enc/dvips/tex-gyre/q
-ec.enc}</usr/share/texlive/texmf-dist/fonts/type1/public/amsfonts/cm/cmex10.pf
b></usr/share/texlive/texmf-dist/fonts/type1/public/amsfonts/cm/cmmi10.pfb></us
r/share/texlive/texmf-dist/fonts/type1/public/amsfonts/cm/cmmi5.pfb></usr/share
/texlive/texmf-dist/fonts/type1/public/amsfonts/cm/cmmi7.pfb></usr/share/texliv
e/texmf-dist/fonts/type1/public/amsfonts/cm/cmr10.pfb></usr/share/texlive/texmf
-dist/fonts/type1/public/amsfonts/cm/cmr7.pfb></usr/share/texlive/texmf-dist/fo
nts/type1/public/amsfonts/cm/cmsy10.pfb></usr/share/texlive/texmf-dist/fonts/ty
pe1/public/amsfonts/cm/cmsy5.pfb></usr/share/texlive/texmf-dist/fonts/type1/pub
lic/amsfonts/cm/cmsy7.pfb></usr/share/texmf/fonts/type1/public/tex-gyre/qhvb.pf
b></usr/share/texmf/fonts/type1/public/tex-gyre/qhvbi.pfb></usr/share/texmf/fon
ts/type1/public/tex-gyre/qtmb.pfb></usr/share/texmf/fonts/type1/public/tex-gyre
/qtmr.pfb></usr/share/texmf/fonts/type1/public/tex-gyre/qtmri.pfb></usr/share/t
exlive/texmf-dist/fonts/type1/public/txfonts/t1xbtt.pfb></usr/share/texlive/tex
mf-dist/fonts/type1/public/txfonts/t1xtt.pfb></usr/share/texlive/texmf-dist/fon
ts/type1/public/txfonts/t1xtt.pfb></usr/share/texlive/texmf-dist/fonts/type1/pu
blic/txfonts/tcxtt.pfb></usr/share/texlive/texmf-dist/fonts/type1/urw/times/utm
r8a.pfb>
Output written on toulbar2.pdf (135 pages, 1869821 bytes).
PDF statistics:
 1957 PDF objects out of 2073 (max. 8388607)
 1722 compressed objects within 18 object streams
 380 named destinations out of 1000 (max. 500000)
 1478 words of extra memory for PDF output out of 10000 (max. 10000000)

