\BOOKMARK [0][-]{chapter.1}{\376\377\000T\000u\000t\000o\000r\000i\000a\000l\000s}{}% 1
\BOOKMARK [0][-]{chapter.2}{\376\377\000L\000i\000s\000t\000\040\000o\000f\000\040\000a\000l\000l\000\040\000e\000x\000a\000m\000p\000l\000e\000s}{}% 2
\BOOKMARK [1][-]{section.2.1}{\376\377\000W\000e\000i\000g\000h\000t\000e\000d\000\040\000n\000-\000q\000u\000e\000e\000n\000\040\000p\000r\000o\000b\000l\000e\000m}{chapter.2}% 3
\BOOKMARK [2][-]{subsection.2.1.1}{\376\377\000B\000r\000i\000e\000f\000\040\000d\000e\000s\000c\000r\000i\000p\000t\000i\000o\000n}{section.2.1}% 4
\BOOKMARK [2][-]{subsection.2.1.2}{\376\377\000C\000F\000N\000\040\000m\000o\000d\000e\000l}{section.2.1}% 5
\BOOKMARK [2][-]{subsection.2.1.3}{\376\377\000E\000x\000a\000m\000p\000l\000e\000\040\000f\000o\000r\000\040\000N\000=\0004\000\040\000i\000n\000\040\000J\000S\000O\000N\000\040\000.\000c\000f\000n\000\040\000f\000o\000r\000m\000a\000t}{section.2.1}% 6
\BOOKMARK [2][-]{subsection.2.1.4}{\376\377\000P\000y\000t\000h\000o\000n\000\040\000m\000o\000d\000e\000l}{section.2.1}% 7
\BOOKMARK [1][-]{section.2.2}{\376\377\000W\000e\000i\000g\000h\000t\000e\000d\000\040\000l\000a\000t\000i\000n\000\040\000s\000q\000u\000a\000r\000e\000\040\000p\000r\000o\000b\000l\000e\000m}{chapter.2}% 8
\BOOKMARK [2][-]{subsection.2.2.1}{\376\377\000B\000r\000i\000e\000f\000\040\000d\000e\000s\000c\000r\000i\000p\000t\000i\000o\000n}{section.2.2}% 9
\BOOKMARK [2][-]{subsection.2.2.2}{\376\377\000C\000F\000N\000\040\000m\000o\000d\000e\000l}{section.2.2}% 10
\BOOKMARK [2][-]{subsection.2.2.3}{\376\377\000E\000x\000a\000m\000p\000l\000e\000\040\000f\000o\000r\000\040\000N\000=\0004\000\040\000i\000n\000\040\000J\000S\000O\000N\000\040\000.\000c\000f\000n\000\040\000f\000o\000r\000m\000a\000t}{section.2.2}% 11
\BOOKMARK [2][-]{subsection.2.2.4}{\376\377\000P\000y\000t\000h\000o\000n\000\040\000m\000o\000d\000e\000l}{section.2.2}% 12
\BOOKMARK [1][-]{section.2.3}{\376\377\000R\000a\000d\000i\000o\000\040\000l\000i\000n\000k\000\040\000f\000r\000e\000q\000u\000e\000n\000c\000y\000\040\000a\000s\000s\000i\000g\000n\000m\000e\000n\000t\000\040\000p\000r\000o\000b\000l\000e\000m}{chapter.2}% 13
\BOOKMARK [2][-]{subsection.2.3.1}{\376\377\000B\000r\000i\000e\000f\000\040\000d\000e\000s\000c\000r\000i\000p\000t\000i\000o\000n}{section.2.3}% 14
\BOOKMARK [2][-]{subsection.2.3.2}{\376\377\000C\000F\000N\000\040\000m\000o\000d\000e\000l}{section.2.3}% 15
\BOOKMARK [2][-]{subsection.2.3.3}{\376\377\000D\000a\000t\000a}{section.2.3}% 16
\BOOKMARK [2][-]{subsection.2.3.4}{\376\377\000P\000y\000t\000h\000o\000n\000\040\000m\000o\000d\000e\000l}{section.2.3}% 17
\BOOKMARK [1][-]{section.2.4}{\376\377\000F\000r\000e\000q\000u\000e\000n\000c\000y\000\040\000a\000s\000s\000i\000g\000n\000m\000e\000n\000t\000\040\000p\000r\000o\000b\000l\000e\000m\000\040\000w\000i\000t\000h\000\040\000p\000o\000l\000a\000r\000i\000z\000a\000t\000i\000o\000n}{chapter.2}% 18
\BOOKMARK [2][-]{subsection.2.4.1}{\376\377\000B\000r\000i\000e\000f\000\040\000d\000e\000s\000c\000r\000i\000p\000t\000i\000o\000n}{section.2.4}% 19
\BOOKMARK [2][-]{subsection.2.4.2}{\376\377\000C\000F\000N\000\040\000m\000o\000d\000e\000l}{section.2.4}% 20
\BOOKMARK [2][-]{subsection.2.4.3}{\376\377\000D\000a\000t\000a}{section.2.4}% 21
\BOOKMARK [2][-]{subsection.2.4.4}{\376\377\000P\000y\000t\000h\000o\000n\000\040\000m\000o\000d\000e\000l}{section.2.4}% 22
\BOOKMARK [1][-]{section.2.5}{\376\377\000M\000e\000n\000d\000e\000l\000i\000a\000n\000\040\000e\000r\000r\000o\000r\000\040\000d\000e\000t\000e\000c\000t\000i\000o\000n\000\040\000p\000r\000o\000b\000l\000e\000m}{chapter.2}% 23
\BOOKMARK [2][-]{subsection.2.5.1}{\376\377\000B\000r\000i\000e\000f\000\040\000d\000e\000s\000c\000r\000i\000p\000t\000i\000o\000n}{section.2.5}% 24
\BOOKMARK [2][-]{subsection.2.5.2}{\376\377\000C\000F\000N\000\040\000m\000o\000d\000e\000l}{section.2.5}% 25
\BOOKMARK [2][-]{subsection.2.5.3}{\376\377\000D\000a\000t\000a}{section.2.5}% 26
\BOOKMARK [2][-]{subsection.2.5.4}{\376\377\000P\000y\000t\000h\000o\000n\000\040\000m\000o\000d\000e\000l}{section.2.5}% 27
\BOOKMARK [1][-]{section.2.6}{\376\377\000B\000l\000o\000c\000k\000\040\000m\000o\000d\000e\000l\000i\000n\000g\000\040\000p\000r\000o\000b\000l\000e\000m}{chapter.2}% 28
\BOOKMARK [2][-]{subsection.2.6.1}{\376\377\000B\000r\000i\000e\000f\000\040\000d\000e\000s\000c\000r\000i\000p\000t\000i\000o\000n}{section.2.6}% 29
\BOOKMARK [2][-]{subsection.2.6.2}{\376\377\000C\000F\000N\000\040\000m\000o\000d\000e\000l}{section.2.6}% 30
\BOOKMARK [2][-]{subsection.2.6.3}{\376\377\000D\000a\000t\000a}{section.2.6}% 31
\BOOKMARK [2][-]{subsection.2.6.4}{\376\377\000P\000y\000t\000h\000o\000n\000\040\000m\000o\000d\000e\000l}{section.2.6}% 32
\BOOKMARK [1][-]{section.2.7}{\376\377\000A\000i\000r\000p\000l\000a\000n\000e\000\040\000l\000a\000n\000d\000i\000n\000g\000\040\000p\000r\000o\000b\000l\000e\000m}{chapter.2}% 33
\BOOKMARK [2][-]{subsection.2.7.1}{\376\377\000B\000r\000i\000e\000f\000\040\000d\000e\000s\000c\000r\000i\000p\000t\000i\000o\000n}{section.2.7}% 34
\BOOKMARK [2][-]{subsection.2.7.2}{\376\377\000C\000F\000N\000\040\000m\000o\000d\000e\000l}{section.2.7}% 35
\BOOKMARK [2][-]{subsection.2.7.3}{\376\377\000D\000a\000t\000a}{section.2.7}% 36
\BOOKMARK [2][-]{subsection.2.7.4}{\376\377\000P\000y\000t\000h\000o\000n\000\040\000m\000o\000d\000e\000l\000\040\000s\000o\000l\000v\000e\000r}{section.2.7}% 37
\BOOKMARK [1][-]{section.2.8}{\376\377\000W\000a\000r\000e\000h\000o\000u\000s\000e\000\040\000l\000o\000c\000a\000t\000i\000o\000n\000\040\000p\000r\000o\000b\000l\000e\000m}{chapter.2}% 38
\BOOKMARK [2][-]{subsection.2.8.1}{\376\377\000B\000r\000i\000e\000f\000\040\000d\000e\000s\000c\000r\000i\000p\000t\000i\000o\000n}{section.2.8}% 39
\BOOKMARK [2][-]{subsection.2.8.2}{\376\377\000C\000F\000N\000\040\000m\000o\000d\000e\000l}{section.2.8}% 40
\BOOKMARK [2][-]{subsection.2.8.3}{\376\377\000D\000a\000t\000a}{section.2.8}% 41
\BOOKMARK [2][-]{subsection.2.8.4}{\376\377\000P\000y\000t\000h\000o\000n\000\040\000m\000o\000d\000e\000l\000\040\000s\000o\000l\000v\000e\000r}{section.2.8}% 42
\BOOKMARK [1][-]{section.2.9}{\376\377\000S\000q\000u\000a\000r\000e\000\040\000p\000a\000c\000k\000i\000n\000g\000\040\000p\000r\000o\000b\000l\000e\000m}{chapter.2}% 43
\BOOKMARK [2][-]{subsection.2.9.1}{\376\377\000B\000r\000i\000e\000f\000\040\000d\000e\000s\000c\000r\000i\000p\000t\000i\000o\000n}{section.2.9}% 44
\BOOKMARK [2][-]{subsection.2.9.2}{\376\377\000C\000F\000N\000\040\000m\000o\000d\000e\000l}{section.2.9}% 45
\BOOKMARK [2][-]{subsection.2.9.3}{\376\377\000P\000y\000t\000h\000o\000n\000\040\000m\000o\000d\000e\000l}{section.2.9}% 46
\BOOKMARK [2][-]{subsection.2.9.4}{\376\377\000C\000+\000+\000\040\000p\000r\000o\000g\000r\000a\000m\000\040\000u\000s\000i\000n\000g\000\040\000l\000i\000b\000t\000b\0002\000.\000s\000o}{section.2.9}% 47
\BOOKMARK [1][-]{section.2.10}{\376\377\000S\000q\000u\000a\000r\000e\000\040\000s\000o\000f\000t\000\040\000p\000a\000c\000k\000i\000n\000g\000\040\000p\000r\000o\000b\000l\000e\000m}{chapter.2}% 48
\BOOKMARK [2][-]{subsection.2.10.1}{\376\377\000B\000r\000i\000e\000f\000\040\000d\000e\000s\000c\000r\000i\000p\000t\000i\000o\000n}{section.2.10}% 49
\BOOKMARK [2][-]{subsection.2.10.2}{\376\377\000C\000F\000N\000\040\000m\000o\000d\000e\000l}{section.2.10}% 50
\BOOKMARK [2][-]{subsection.2.10.3}{\376\377\000P\000y\000t\000h\000o\000n\000\040\000m\000o\000d\000e\000l}{section.2.10}% 51
\BOOKMARK [2][-]{subsection.2.10.4}{\376\377\000C\000+\000+\000\040\000p\000r\000o\000g\000r\000a\000m\000\040\000u\000s\000i\000n\000g\000\040\000l\000i\000b\000t\000b\0002\000.\000s\000o}{section.2.10}% 52
\BOOKMARK [1][-]{section.2.11}{\376\377\000G\000o\000l\000o\000m\000b\000\040\000r\000u\000l\000e\000r\000\040\000p\000r\000o\000b\000l\000e\000m}{chapter.2}% 53
\BOOKMARK [2][-]{subsection.2.11.1}{\376\377\000B\000r\000i\000e\000f\000\040\000d\000e\000s\000c\000r\000i\000p\000t\000i\000o\000n}{section.2.11}% 54
\BOOKMARK [2][-]{subsection.2.11.2}{\376\377\000C\000F\000N\000\040\000m\000o\000d\000e\000l}{section.2.11}% 55
\BOOKMARK [2][-]{subsection.2.11.3}{\376\377\000P\000y\000t\000h\000o\000n\000\040\000m\000o\000d\000e\000l}{section.2.11}% 56
\BOOKMARK [1][-]{section.2.12}{\376\377\000B\000o\000a\000r\000d\000\040\000c\000o\000l\000o\000r\000a\000t\000i\000o\000n\000\040\000p\000r\000o\000b\000l\000e\000m}{chapter.2}% 57
\BOOKMARK [2][-]{subsection.2.12.1}{\376\377\000B\000r\000i\000e\000f\000\040\000d\000e\000s\000c\000r\000i\000p\000t\000i\000o\000n}{section.2.12}% 58
\BOOKMARK [2][-]{subsection.2.12.2}{\376\377\000C\000F\000N\000\040\000b\000a\000s\000i\000c\000\040\000m\000o\000d\000e\000l}{section.2.12}% 59
\BOOKMARK [2][-]{subsection.2.12.3}{\376\377\000P\000y\000t\000h\000o\000n\000\040\000m\000o\000d\000e\000l}{section.2.12}% 60
\BOOKMARK [1][-]{section.2.13}{\376\377\000L\000e\000a\000r\000n\000i\000n\000g\000\040\000t\000o\000\040\000p\000l\000a\000y\000\040\000t\000h\000e\000\040\000S\000u\000d\000o\000k\000u}{chapter.2}% 61
\BOOKMARK [2][-]{subsection.2.13.1}{\376\377\000A\000v\000a\000i\000l\000a\000b\000l\000e}{section.2.13}% 62
\BOOKMARK [1][-]{section.2.14}{\376\377\000L\000e\000a\000r\000n\000i\000n\000g\000\040\000c\000a\000r\000\040\000c\000o\000n\000f\000i\000g\000u\000r\000a\000t\000i\000o\000n\000\040\000p\000r\000e\000f\000e\000r\000e\000n\000c\000e\000s}{chapter.2}% 63
\BOOKMARK [2][-]{subsection.2.14.1}{\376\377\000B\000r\000i\000e\000f\000\040\000d\000e\000s\000c\000r\000i\000p\000t\000i\000o\000n}{section.2.14}% 64
\BOOKMARK [2][-]{subsection.2.14.2}{\376\377\000A\000v\000a\000i\000l\000a\000b\000l\000e}{section.2.14}% 65
\BOOKMARK [1][-]{section.2.15}{\376\377\000V\000i\000s\000u\000a\000l\000\040\000S\000u\000d\000o\000k\000u\000\040\000T\000u\000t\000o\000r\000i\000a\000l}{chapter.2}% 66
\BOOKMARK [2][-]{subsection.2.15.1}{\376\377\000B\000r\000i\000e\000f\000\040\000d\000e\000s\000c\000r\000i\000p\000t\000i\000o\000n}{section.2.15}% 67
\BOOKMARK [2][-]{subsection.2.15.2}{\376\377\000A\000v\000a\000i\000l\000a\000b\000l\000e}{section.2.15}% 68
\BOOKMARK [1][-]{section.2.16}{\376\377\000V\000i\000s\000u\000a\000l\000\040\000S\000u\000d\000o\000k\000u\000\040\000A\000p\000p\000l\000i\000c\000a\000t\000i\000o\000n}{chapter.2}% 69
\BOOKMARK [2][-]{subsection.2.16.1}{\376\377\000B\000r\000i\000e\000f\000\040\000d\000e\000s\000c\000r\000i\000p\000t\000i\000o\000n}{section.2.16}% 70
\BOOKMARK [2][-]{subsection.2.16.2}{\376\377\000A\000v\000a\000i\000l\000a\000b\000l\000e}{section.2.16}% 71
\BOOKMARK [3][-]{subsubsection*.3}{\376\377\000S\000o\000f\000t\000w\000a\000r\000e}{subsection.2.16.2}% 72
\BOOKMARK [3][-]{subsubsection*.4}{\376\377\000A\000s\000\040\000a\000n\000\040\000A\000P\000K}{subsection.2.16.2}% 73
\BOOKMARK [3][-]{subsubsection*.5}{\376\377\000A\000s\000\040\000a\000\040\000W\000e\000b\000\040\000s\000e\000r\000v\000i\000c\000e}{subsection.2.16.2}% 74
\BOOKMARK [1][-]{section.2.17}{\376\377\000V\000i\000s\000u\000a\000l\000\040\000S\000u\000d\000o\000k\000u\000\040\000A\000p\000p\000\040\000f\000o\000r\000\040\000A\000n\000d\000r\000o\000i\000d}{chapter.2}% 75
\BOOKMARK [2][-]{subsection.2.17.1}{\376\377\000A\000\040\000v\000i\000s\000u\000a\000l\000\040\000s\000u\000d\000o\000k\000u\000\040\000s\000o\000l\000v\000e\000r\000\040\000b\000a\000s\000e\000d\000\040\000o\000n\000\040\000c\000o\000s\000t\000\040\000f\000u\000n\000c\000t\000i\000o\000n\000\040\000n\000e\000t\000w\000o\000r\000k\000s}{section.2.17}% 76
\BOOKMARK [2][-]{subsection.2.17.2}{\376\377\000S\000o\000u\000r\000c\000e\000\040\000C\000o\000d\000e}{section.2.17}% 77
\BOOKMARK [2][-]{subsection.2.17.3}{\376\377\000D\000o\000w\000n\000l\000o\000a\000d\000\040\000a\000n\000d\000\040\000I\000n\000s\000t\000a\000l\000l}{section.2.17}% 78
\BOOKMARK [2][-]{subsection.2.17.4}{\376\377\000D\000e\000s\000c\000r\000i\000p\000t\000i\000o\000n}{section.2.17}% 79
\BOOKMARK [1][-]{section.2.18}{\376\377\000A\000\040\000s\000u\000d\000o\000k\000u\000\040\000c\000o\000d\000e}{chapter.2}% 80
\BOOKMARK [2][-]{subsection.2.18.1}{\376\377\000B\000r\000i\000e\000f\000\040\000d\000e\000s\000c\000r\000i\000p\000t\000i\000o\000n}{section.2.18}% 81
\BOOKMARK [2][-]{subsection.2.18.2}{\376\377\000A\000v\000a\000i\000l\000a\000b\000l\000e}{section.2.18}% 82
\BOOKMARK [3][-]{subsubsection*.6}{\376\377\000W\000e\000b\000\040\000s\000e\000r\000v\000i\000c\000e\000\040\000t\000o\000\040\000g\000e\000t\000\040\000o\000n\000e\000\040\000s\000u\000d\000o\000k\000u\000\040\000g\000r\000i\000d\000s\000\040\000\050\000b\000o\000t\000h\000\040\000p\000a\000r\000t\000i\000a\000l\000\040\000a\000n\000d\000\040\000c\000o\000m\000p\000l\000e\000t\000e\000d\000\051\000\040\000:}{subsection.2.18.2}% 83
\BOOKMARK [3][-]{subsubsection*.7}{\376\377\000W\000e\000b\000\040\000s\000e\000r\000v\000i\000c\000e\000\040\000t\000o\000\040\000f\000u\000r\000t\000h\000e\000r\000\040\000g\000e\000t\000\040\000a\000\040\000d\000e\000t\000a\000i\000l\000e\000d\000\040\000d\000e\000s\000c\000r\000i\000p\000t\000i\000o\000n\000\040\000o\000f\000\040\000w\000h\000a\000t\000\040\000t\000h\000e\000\040\000p\000r\000o\000g\000r\000a\000m\000\040\000d\000o\000e\000s\000\040\000\050\000v\000e\000r\000b\000o\000s\000e\000\040\000v\000e\000r\000s\000i\000o\000n\000\051\000\040\000:}{subsection.2.18.2}% 84
\BOOKMARK [3][-]{subsubsection*.8}{\376\377\000E\000x\000a\000m\000p\000l\000e\000\040\000o\000f\000\040\000c\000a\000l\000l\000i\000n\000g\000\040\000t\000h\000e\000\040\000s\000u\000d\000o\000k\000u\000\040\000w\000e\000b\000\040\000s\000e\000r\000v\000i\000c\000e\000s\000\040\000f\000r\000o\000m\000\040\000a\000\040\000t\000e\000r\000m\000i\000n\000a\000l\000\040\000b\000y\000\040\000c\000U\000R\000L\000\040\000:}{subsection.2.18.2}% 85
