\BOOKMARK [0][-]{chapter.1}{\376\377\000W\000h\000a\000t\000\040\000i\000s\000\040\000t\000o\000u\000l\000b\000a\000r\0002}{}% 1
\BOOKMARK [0][-]{chapter.2}{\376\377\000H\000o\000w\000\040\000d\000o\000\040\000I\000\040\000i\000n\000s\000t\000a\000l\000l\000\040\000i\000t\000\040\000?}{}% 2
\BOOKMARK [0][-]{chapter.3}{\376\377\000H\000o\000w\000\040\000d\000o\000\040\000I\000\040\000t\000e\000s\000t\000\040\000i\000t\000\040\000?}{}% 3
\BOOKMARK [0][-]{chapter.4}{\376\377\000U\000s\000i\000n\000g\000\040\000i\000t\000\040\000a\000s\000\040\000a\000\040\000b\000l\000a\000c\000k\000\040\000b\000o\000x}{}% 4
\BOOKMARK [0][-]{chapter.5}{\376\377\000Q\000u\000i\000c\000k\000\040\000s\000t\000a\000r\000t}{}% 5
\BOOKMARK [0][-]{chapter.6}{\376\377\000C\000o\000m\000m\000a\000n\000d\000\040\000l\000i\000n\000e\000\040\000o\000p\000t\000i\000o\000n\000s}{}% 6
\BOOKMARK [1][-]{section.6.1}{\376\377\000G\000e\000n\000e\000r\000a\000l\000\040\000c\000o\000n\000t\000r\000o\000l}{chapter.6}% 7
\BOOKMARK [1][-]{section.6.2}{\376\377\000P\000r\000e\000p\000r\000o\000c\000e\000s\000s\000i\000n\000g}{chapter.6}% 8
\BOOKMARK [1][-]{section.6.3}{\376\377\000I\000n\000i\000t\000i\000a\000l\000\040\000u\000p\000p\000e\000r\000\040\000b\000o\000u\000n\000d\000i\000n\000g}{chapter.6}% 9
\BOOKMARK [1][-]{section.6.4}{\376\377\000T\000r\000e\000e\000\040\000s\000e\000a\000r\000c\000h\000\040\000a\000l\000g\000o\000r\000i\000t\000h\000m\000s\000\040\000a\000n\000d\000\040\000t\000r\000e\000e\000\040\000d\000e\000c\000o\000m\000p\000o\000s\000i\000t\000i\000o\000n\000\040\000s\000e\000l\000e\000c\000t\000i\000o\000n}{chapter.6}% 10
\BOOKMARK [1][-]{section.6.5}{\376\377\000V\000a\000r\000i\000a\000b\000l\000e\000\040\000n\000e\000i\000g\000h\000b\000o\000r\000h\000o\000o\000d\000\040\000s\000e\000a\000r\000c\000h\000\040\000a\000l\000g\000o\000r\000i\000t\000h\000m\000s}{chapter.6}% 11
\BOOKMARK [1][-]{section.6.6}{\376\377\000N\000o\000d\000e\000\040\000p\000r\000o\000c\000e\000s\000s\000i\000n\000g\000\040\000\046\000\040\000b\000o\000u\000n\000d\000i\000n\000g\000\040\000o\000p\000t\000i\000o\000n\000s}{chapter.6}% 12
\BOOKMARK [1][-]{section.6.7}{\376\377\000B\000r\000a\000n\000c\000h\000i\000n\000g\000,\000\040\000v\000a\000r\000i\000a\000b\000l\000e\000\040\000a\000n\000d\000\040\000v\000a\000l\000u\000e\000\040\000o\000r\000d\000e\000r\000i\000n\000g}{chapter.6}% 13
\BOOKMARK [1][-]{section.6.8}{\376\377\000D\000i\000v\000e\000r\000s\000e\000\040\000s\000o\000l\000u\000t\000i\000o\000n\000s}{chapter.6}% 14
\BOOKMARK [1][-]{section.6.9}{\376\377\000C\000o\000n\000s\000o\000l\000e\000\040\000o\000u\000t\000p\000u\000t}{chapter.6}% 15
\BOOKMARK [1][-]{section.6.10}{\376\377\000F\000i\000l\000e\000\040\000o\000u\000t\000p\000u\000t}{chapter.6}% 16
\BOOKMARK [1][-]{section.6.11}{\376\377\000P\000r\000o\000b\000a\000b\000i\000l\000i\000t\000y\000\040\000r\000e\000p\000r\000e\000s\000e\000n\000t\000a\000t\000i\000o\000n\000\040\000a\000n\000d\000\040\000n\000u\000m\000e\000r\000i\000c\000a\000l\000\040\000c\000o\000n\000t\000r\000o\000l}{chapter.6}% 17
\BOOKMARK [1][-]{section.6.12}{\376\377\000R\000a\000n\000d\000o\000m\000\040\000p\000r\000o\000b\000l\000e\000m\000\040\000g\000e\000n\000e\000r\000a\000t\000i\000o\000n}{chapter.6}% 18
\BOOKMARK [0][-]{chapter.7}{\376\377\000I\000n\000p\000u\000t\000\040\000f\000o\000r\000m\000a\000t\000s}{}% 19
\BOOKMARK [1][-]{section.7.1}{\376\377\000I\000n\000t\000r\000o\000d\000u\000c\000t\000i\000o\000n}{chapter.7}% 20
\BOOKMARK [1][-]{section.7.2}{\376\377\000F\000o\000r\000m\000a\000t\000s\000\040\000d\000e\000t\000a\000i\000l\000s}{chapter.7}% 21
\BOOKMARK [2][-]{subsection.7.2.1}{\376\377\000C\000F\000N\000\040\000f\000o\000r\000m\000a\000t\000\040\000\050\000.\000c\000f\000n\000\040\000s\000u\000f\000f\000i\000x\000\051}{section.7.2}% 22
\BOOKMARK [2][-]{subsection.7.2.2}{\376\377\000W\000e\000i\000g\000h\000t\000e\000d\000\040\000C\000o\000n\000s\000t\000r\000a\000i\000n\000t\000\040\000S\000a\000t\000i\000s\000f\000a\000c\000t\000i\000o\000n\000\040\000P\000r\000o\000b\000l\000e\000m\000\040\000f\000i\000l\000e\000\040\000f\000o\000r\000m\000a\000t\000\040\000\050\000w\000c\000s\000p\000\051}{section.7.2}% 23
\BOOKMARK [2][-]{subsection.7.2.3}{\376\377\000U\000A\000I\000\040\000a\000n\000d\000\040\000L\000G\000\040\000f\000o\000r\000m\000a\000t\000s\000\040\000\050\000.\000u\000a\000i\000,\000\040\000.\000L\000G\000\051}{section.7.2}% 24
\BOOKMARK [2][-]{subsection.7.2.4}{\376\377\000P\000a\000r\000t\000i\000a\000l\000\040\000W\000e\000i\000g\000h\000t\000e\000d\000\040\000M\000a\000x\000S\000A\000T\000\040\000f\000o\000r\000m\000a\000t}{section.7.2}% 25
\BOOKMARK [2][-]{subsection.7.2.5}{\376\377\000Q\000P\000B\000O\000\040\000f\000o\000r\000m\000a\000t\000\040\000\050\000.\000q\000p\000b\000o\000\051}{section.7.2}% 26
\BOOKMARK [2][-]{subsection.7.2.6}{\376\377\000O\000P\000B\000\040\000f\000o\000r\000m\000a\000t\000\040\000\050\000.\000o\000p\000b\000\051}{section.7.2}% 27
\BOOKMARK [2][-]{subsection.7.2.7}{\376\377\000X\000C\000S\000P\0002\000.\0001\000\040\000f\000o\000r\000m\000a\000t\000\040\000\050\000.\000x\000m\000l\000\051}{section.7.2}% 28
\BOOKMARK [2][-]{subsection.7.2.8}{\376\377\000X\000C\000S\000P\0003\000\040\000f\000o\000r\000m\000a\000t\000\040\000\050\000.\000x\000m\000l\000\051}{section.7.2}% 29
\BOOKMARK [2][-]{subsection.7.2.9}{\376\377\000L\000i\000n\000k\000a\000g\000e\000\040\000f\000o\000r\000m\000a\000t\000\040\000\050\000.\000p\000r\000e\000\051}{section.7.2}% 30
\BOOKMARK [0][-]{chapter.8}{\376\377\000H\000o\000w\000\040\000d\000o\000\040\000I\000\040\000u\000s\000e\000\040\000i\000t\000\040\000?}{}% 31
\BOOKMARK [1][-]{section.8.1}{\376\377\000U\000s\000i\000n\000g\000\040\000i\000t\000\040\000a\000s\000\040\000a\000\040\000C\000+\000+\000\040\000l\000i\000b\000r\000a\000r\000y}{chapter.8}% 32
\BOOKMARK [1][-]{section.8.2}{\376\377\000U\000s\000i\000n\000g\000\040\000i\000t\000\040\000f\000r\000o\000m\000\040\000P\000y\000t\000h\000o\000n}{chapter.8}% 33
\BOOKMARK [0][-]{chapter.9}{\376\377\000R\000e\000f\000e\000r\000e\000n\000c\000e\000s}{}% 34
\BOOKMARK [0][-]{chapter*.4}{\376\377\000B\000i\000b\000l\000i\000o\000g\000r\000a\000p\000h\000y}{}% 35
